{"D:\\code\\ailemente\\src\\util.ts": {"path":"D:\\code\\ailemente\\src\\util.ts","statementMap":{"0":{"start":{"line":2,"column":0},"end":{"line":2,"column":66}},"1":{"start":{"line":5,"column":49},"end":{"line":5,"column":69}},"2":{"start":{"line":6,"column":2},"end":{"line":9,"column":null}},"3":{"start":{"line":7,"column":4},"end":{"line":7,"column":null}},"4":{"start":{"line":8,"column":4},"end":{"line":8,"column":10}},"5":{"start":{"line":10,"column":2},"end":{"line":10,"column":null}},"6":{"start":{"line":4,"column":0},"end":{"line":4,"column":16}}},"fnMap":{"0":{"name":"useGlobalConfig","decl":{"start":{"line":4,"column":16},"end":{"line":4,"column":31}},"loc":{"start":{"line":4,"column":31},"end":{"line":12,"column":1}}}},"branchMap":{"0":{"loc":{"start":{"line":6,"column":2},"end":{"line":9,"column":null}},"type":"if","locations":[{"start":{"line":6,"column":2},"end":{"line":9,"column":null}}]},"1":{"loc":{"start":{"line":10,"column":9},"end":{"line":10,"column":69}},"type":"binary-expr","locations":[{"start":{"line":10,"column":9},"end":{"line":10,"column":63}},{"start":{"line":10,"column":67},"end":{"line":10,"column":69}}]}},"s":{"0":1,"1":4,"2":4,"3":0,"4":0,"5":4,"6":1},"f":{"0":4},"b":{"0":[0],"1":[4,3]}}
,"D:\\code\\ailemente\\src\\components\\button\\Button.vue": {"path":"D:\\code\\ailemente\\src\\components\\button\\Button.vue","statementMap":{"0":{"start":{"line":3,"column":0},"end":{"line":5,"column":3}},"1":{"start":{"line":6,"column":0},"end":{"line":8,"column":2}},"2":{"start":{"line":9,"column":0},"end":{"line":9,"column":13}},"3":{"start":{"line":11,"column":15},"end":{"line":20,"column":1}},"4":{"start":{"line":12,"column":2},"end":{"line":18,"column":4}},"5":{"start":{"line":13,"column":4},"end":{"line":16,"column":5}},"6":{"start":{"line":13,"column":20},"end":{"line":13,"column":21}},"7":{"start":{"line":13,"column":27},"end":{"line":13,"column":43}},"8":{"start":{"line":14,"column":6},"end":{"line":14,"column":23}},"9":{"start":{"line":15,"column":6},"end":{"line":15,"column":83}},"10":{"start":{"line":15,"column":23},"end":{"line":15,"column":83}},"11":{"start":{"line":15,"column":71},"end":{"line":15,"column":83}},"12":{"start":{"line":17,"column":4},"end":{"line":17,"column":13}},"13":{"start":{"line":19,"column":2},"end":{"line":19,"column":41}},"14":{"start":{"line":21,"column":0},"end":{"line":23,"column":3}},"15":{"start":{"line":24,"column":12},"end":{"line":24,"column":26}},"16":{"start":{"line":25,"column":12},"end":{"line":25,"column":26}},"17":{"start":{"line":26,"column":13},"end":{"line":26,"column":34}},"18":{"start":{"line":27,"column":18},"end":{"line":29,"column":1}},"19":{"start":{"line":30,"column":0},"end":{"line":63,"column":4}},"20":{"start":{"line":44,"column":17},"end":{"line":44,"column":26}},"21":{"start":{"line":45,"column":4},"end":{"line":45,"column":13}},"22":{"start":{"line":46,"column":16},"end":{"line":46,"column":23}},"23":{"start":{"line":47,"column":23},"end":{"line":47,"column":52}},"24":{"start":{"line":48,"column":21},"end":{"line":51,"column":6}},"25":{"start":{"line":49,"column":6},"end":{"line":49,"column":44}},"26":{"start":{"line":50,"column":6},"end":{"line":50,"column":45}},"27":{"start":{"line":52,"column":23},"end":{"line":56,"column":5}},"28":{"start":{"line":57,"column":4},"end":{"line":60,"column":7}},"29":{"start":{"line":61,"column":4},"end":{"line":61,"column":24}},"30":{"start":{"line":65,"column":0},"end":{"line":65,"column":62}},"31":{"start":{"line":66,"column":0},"end":{"line":66,"column":24}},"32":{"start":{"line":67,"column":12},"end":{"line":67,"column":26}},"33":{"start":{"line":69,"column":4},"end":{"line":76,"column":23}},"34":{"start":{"line":78,"column":0},"end":{"line":78,"column":24}},"35":{"start":{"line":79,"column":1},"end":{"line":79,"column":48}}},"fnMap":{"0":{"name":"(anonymous_0)","decl":{"start":{"line":11,"column":40},"end":{"line":11,"column":41}},"loc":{"start":{"line":11,"column":52},"end":{"line":20,"column":1}},"line":11},"1":{"name":"(anonymous_1)","decl":{"start":{"line":12,"column":30},"end":{"line":12,"column":31}},"loc":{"start":{"line":12,"column":43},"end":{"line":18,"column":3}},"line":12},"2":{"name":"(anonymous_2)","decl":{"start":{"line":43,"column":9},"end":{"line":43,"column":10}},"loc":{"start":{"line":43,"column":32},"end":{"line":62,"column":3}},"line":43},"3":{"name":"(anonymous_3)","decl":{"start":{"line":48,"column":41},"end":{"line":48,"column":42}},"loc":{"start":{"line":48,"column":53},"end":{"line":51,"column":5}},"line":48},"4":{"name":"render","decl":{"start":{"line":68,"column":9},"end":{"line":68,"column":15}},"loc":{"start":{"line":68,"column":63},"end":{"line":77,"column":1}},"line":68}},"branchMap":{"0":{"loc":{"start":{"line":11,"column":15},"end":{"line":20,"column":1}},"type":"binary-expr","locations":[{"start":{"line":11,"column":15},"end":{"line":11,"column":19}},{"start":{"line":11,"column":23},"end":{"line":11,"column":36}},{"start":{"line":11,"column":40},"end":{"line":20,"column":1}}],"line":11},"1":{"loc":{"start":{"line":12,"column":13},"end":{"line":18,"column":3}},"type":"binary-expr","locations":[{"start":{"line":12,"column":13},"end":{"line":12,"column":26}},{"start":{"line":12,"column":30},"end":{"line":18,"column":3}}],"line":12},"2":{"loc":{"start":{"line":15,"column":23},"end":{"line":15,"column":83}},"type":"if","locations":[{"start":{"line":15,"column":23},"end":{"line":15,"column":83}},{"start":{},"end":{}}],"line":15},"3":{"loc":{"start":{"line":50,"column":13},"end":{"line":50,"column":44}},"type":"binary-expr","locations":[{"start":{"line":50,"column":13},"end":{"line":50,"column":23}},{"start":{"line":50,"column":27},"end":{"line":50,"column":44}}],"line":50},"4":{"loc":{"start":{"line":71,"column":16},"end":{"line":71,"column":80}},"type":"cond-expr","locations":[{"start":{"line":71,"column":36},"end":{"line":71,"column":75}},{"start":{"line":71,"column":78},"end":{"line":71,"column":80}}],"line":71},"5":{"loc":{"start":{"line":72,"column":16},"end":{"line":72,"column":68}},"type":"cond-expr","locations":[{"start":{"line":72,"column":30},"end":{"line":72,"column":63}},{"start":{"line":72,"column":66},"end":{"line":72,"column":68}}],"line":72}},"s":{"0":1,"1":1,"2":1,"3":1,"4":2,"5":0,"6":0,"7":0,"8":0,"9":0,"10":0,"11":0,"12":0,"13":2,"14":1,"15":1,"16":1,"17":1,"18":1,"19":1,"20":4,"21":4,"22":4,"23":4,"24":4,"25":4,"26":4,"27":4,"28":4,"29":4,"30":1,"31":1,"32":1,"33":4,"34":1,"35":1},"f":{"0":2,"1":0,"2":4,"3":4,"4":4},"b":{"0":[1,1,1],"1":[2,0],"2":[0,0],"3":[4,3],"4":[2,2],"5":[1,3]},"inputSourceMap":{"0":"{","1":"\"","2":"v","3":"e","4":"r","5":"s","6":"i","7":"o","8":"n","9":"\"","10":":","11":"3","12":",","13":"\"","14":"s","15":"o","16":"u","17":"r","18":"c","19":"e","20":"s","21":"\"","22":":","23":"[","24":"\"","25":"D","26":":","27":"\\","28":"\\","29":"c","30":"o","31":"d","32":"e","33":"\\","34":"\\","35":"a","36":"i","37":"l","38":"e","39":"m","40":"e","41":"n","42":"t","43":"e","44":"\\","45":"\\","46":"s","47":"r","48":"c","49":"\\","50":"\\","51":"c","52":"o","53":"m","54":"p","55":"o","56":"n","57":"e","58":"n","59":"t","60":"s","61":"\\","62":"\\","63":"b","64":"u","65":"t","66":"t","67":"o","68":"n","69":"\\","70":"\\","71":"B","72":"u","73":"t","74":"t","75":"o","76":"n","77":".","78":"v","79":"u","80":"e","81":"\"","82":",","83":"\"","84":"D","85":":","86":"/","87":"c","88":"o","89":"d","90":"e","91":"/","92":"a","93":"i","94":"l","95":"e","96":"m","97":"e","98":"n","99":"t","100":"e","101":"/","102":"s","103":"r","104":"c","105":"/","106":"c","107":"o","108":"m","109":"p","110":"o","111":"n","112":"e","113":"n","114":"t","115":"s","116":"/","117":"b","118":"u","119":"t","120":"t","121":"o","122":"n","123":"/","124":"B","125":"u","126":"t","127":"t","128":"o","129":"n","130":".","131":"v","132":"u","133":"e","134":"\"","135":"]","136":",","137":"\"","138":"n","139":"a","140":"m","141":"e","142":"s","143":"\"","144":":","145":"[","146":"]","147":",","148":"\"","149":"m","150":"a","151":"p","152":"p","153":"i","154":"n","155":"g","156":"s","157":"\"","158":":","159":"\"","160":";","161":";","162":";","163":";","164":";","165":"A","166":"A","167":"a","168":"A","169":",","170":"k","171":"B","172":"A","173":"A","174":"c","175":";","176":"E","177":"A","178":"C","179":"Z","180":",","181":"I","182":"A","183":"A","184":"I","185":",","186":"E","187":"A","188":"A","189":"C","190":";","191":"C","192":"A","193":"C","194":"N","195":";","196":";","197":";","198":";","199":";","200":";","201":";","202":";","203":";","204":";","205":";","206":";","207":";","208":";","209":";","210":";","211":";","212":"A","213":"C","214":"I","215":"D","216":";","217":"A","218":"A","219":"C","220":"A","221":";","222":"A","223":"A","224":"P","225":"A","226":",","227":"I","228":"A","229":"A","230":"M","231":",","232":"W","233":"A","234":"A","235":"W","236":",","237":"G","238":"A","239":"A","240":"G","241":";","242":"E","243":"A","244":"C","245":"l","246":"B","247":",","248":"I","249":"A","250":"A","251":"I","252":",","253":"E","254":"A","255":"A","256":"C","257":";","258":"C","259":"A","260":"C","261":"N","262":";","263":";","264":";","265":";","266":";","267":";","268":";","269":";","270":";","271":";","272":";","273":";","274":";","275":";","276":";","277":";","278":";","279":";","280":"I","281":"A","282":"c","283":"D","284":",","285":"I","286":"A","287":"A","288":"M","289":",","290":"Y","291":"A","292":"A","293":"Y","294":",","295":"G","296":"A","297":"A","298":"G","299":",","300":"0","301":"B","302":"A","303":"A","304":"e","305":",","306":"G","307":"A","308":"A","309":"E","310":";","311":"I","312":"A","313":"C","314":"t","315":"C","316":",","317":"I","318":"A","319":"A","320":"M","321":",","322":"U","323":"A","324":"A","325":"U","326":",","327":"G","328":"A","329":"A","330":"G","331":",","332":"k","333":"B","334":"A","335":"A","336":"Q","337":",","338":"E","339":"A","340":"A","341":"C","342":";","343":"M","344":"A","345":"C","346":"1","347":"B","348":",","349":"O","350":"A","351":"A","352":"O","353":",","354":"C","355":"A","356":"A","357":"C","358":",","359":"G","360":"A","361":"A","362":"G","363":",","364":"C","365":"A","366":"A","367":"C","368":",","369":"K","370":"A","371":"A","372":"K","373":",","374":"C","375":"A","376":"A","377":"C","378":",","379":"I","380":"A","381":"A","382":"I","383":",","384":"E","385":"A","386":"A","387":"C","388":",","389":"Y","390":"A","391":"A","392":"Y","393":",","394":"C","395":"A","396":"A","397":"C","398":";","399":"M","400":"A","401":"C","402":"p","403":"C","404":",","405":"O","406":"A","407":"A","408":"O","409":",","410":"K","411":"A","412":"A","413":"K","414":",","415":"C","416":"A","417":"A","418":"C","419":",","420":"I","421":"A","422":"A","423":"I","424":",","425":"I","426":"A","427":"A","428":"E","429":",","430":"Y","431":"A","432":"A","433":"Y","434":",","435":"C","436":"A","437":"A","438":"C","439":",","440":"I","441":"A","442":"A","443":"I","444":";","445":"I","446":"A","447":"C","448":"t","449":"C","450":",","451":"C","452":"A","453":"A","454":"C","455":",","456":"C","457":"A","458":"A","459":"C","460":"\"","461":",","462":"\"","463":"f","464":"i","465":"l","466":"e","467":"\"","468":":","469":"\"","470":"D","471":":","472":"\\","473":"\\","474":"c","475":"o","476":"d","477":"e","478":"\\","479":"\\","480":"a","481":"i","482":"l","483":"e","484":"m","485":"e","486":"n","487":"t","488":"e","489":"\\","490":"\\","491":"s","492":"r","493":"c","494":"\\","495":"\\","496":"c","497":"o","498":"m","499":"p","500":"o","501":"n","502":"e","503":"n","504":"t","505":"s","506":"\\","507":"\\","508":"b","509":"u","510":"t","511":"t","512":"o","513":"n","514":"\\","515":"\\","516":"B","517":"u","518":"t","519":"t","520":"o","521":"n","522":".","523":"v","524":"u","525":"e","526":"\"","527":",","528":"\"","529":"s","530":"o","531":"u","532":"r","533":"c","534":"e","535":"s","536":"C","537":"o","538":"n","539":"t","540":"e","541":"n","542":"t","543":"\"","544":":","545":"[","546":"\"","547":"<","548":"t","549":"e","550":"m","551":"p","552":"l","553":"a","554":"t","555":"e","556":">","557":"\\","558":"r","559":"\\","560":"n","561":" ","562":" ","563":"<","564":"b","565":"u","566":"t","567":"t","568":"o","569":"n","570":"\\","571":"r","572":"\\","573":"n","574":" ","575":" ","576":" ","577":" ","578":"c","579":"l","580":"a","581":"s","582":"s","583":"=","584":"\\","585":"\"","586":"e","587":"l","588":"-","589":"b","590":"u","591":"t","592":"t","593":"o","594":"n","595":"\\","596":"\"","597":" ","598":"\\","599":"r","600":"\\","601":"n","602":" ","603":" ","604":" ","605":" ","606":":","607":"c","608":"l","609":"a","610":"s","611":"s","612":"=","613":"\\","614":"\"","615":"[","616":"\\","617":"r","618":"\\","619":"n","620":" ","621":" ","622":" ","623":" ","624":" ","625":" ","626":"b","627":"u","628":"t","629":"t","630":"o","631":"n","632":"S","633":"i","634":"z","635":"e","636":" ","637":"?","638":" ","639":"`","640":"e","641":"l","642":"-","643":"b","644":"u","645":"t","646":"t","647":"o","648":"n","649":"-","650":"-","651":"$","652":"{","653":"b","654":"u","655":"t","656":"t","657":"o","658":"n","659":"S","660":"i","661":"z","662":"e","663":"}","664":"`","665":" ","666":":","667":" ","668":"'","669":"'","670":",","671":"\\","672":"r","673":"\\","674":"n","675":" ","676":" ","677":" ","678":" ","679":" ","680":" ","681":"t","682":"y","683":"p","684":"e","685":" ","686":"?","687":" ","688":"`","689":"e","690":"l","691":"-","692":"b","693":"u","694":"t","695":"t","696":"o","697":"n","698":"-","699":"-","700":"$","701":"{","702":"t","703":"y","704":"p","705":"e","706":"}","707":"`","708":" ","709":":","710":" ","711":"'","712":"'","713":"\\","714":"r","715":"\\","716":"n","717":" ","718":" ","719":" ","720":" ","721":"]","722":"\\","723":"\"","724":"\\","725":"r","726":"\\","727":"n","728":" ","729":" ","730":">","731":"\\","732":"r","733":"\\","734":"n","735":" ","736":" ","737":" ","738":" ","739":"<","740":"s","741":"l","742":"o","743":"t","744":" ","745":"/","746":">","747":"\\","748":"r","749":"\\","750":"n","751":" ","752":" ","753":"<","754":"/","755":"b","756":"u","757":"t","758":"t","759":"o","760":"n","761":">","762":"\\","763":"r","764":"\\","765":"n","766":"<","767":"/","768":"t","769":"e","770":"m","771":"p","772":"l","773":"a","774":"t","775":"e","776":">","777":"\\","778":"r","779":"\\","780":"n","781":"\\","782":"r","783":"\\","784":"n","785":"<","786":"s","787":"c","788":"r","789":"i","790":"p","791":"t","792":" ","793":"l","794":"a","795":"n","796":"g","797":"=","798":"\\","799":"\"","800":"t","801":"s","802":"\\","803":"\"","804":">","805":"\\","806":"r","807":"\\","808":"n","809":"e","810":"x","811":"p","812":"o","813":"r","814":"t","815":" ","816":"d","817":"e","818":"f","819":"a","820":"u","821":"l","822":"t","823":"{","824":"\\","825":"r","826":"\\","827":"n","828":" ","829":" ","830":"n","831":"a","832":"m","833":"e","834":":","835":"'","836":"E","837":"l","838":"B","839":"u","840":"t","841":"t","842":"o","843":"n","844":"'","845":"\\","846":"r","847":"\\","848":"n","849":"}","850":"\\","851":"r","852":"\\","853":"n","854":"<","855":"/","856":"s","857":"c","858":"r","859":"i","860":"p","861":"t","862":">","863":"\\","864":"r","865":"\\","866":"n","867":"\\","868":"r","869":"\\","870":"n","871":"<","872":"s","873":"c","874":"r","875":"i","876":"p","877":"t","878":" ","879":"s","880":"e","881":"t","882":"u","883":"p","884":" ","885":"l","886":"a","887":"n","888":"g","889":"=","890":"\\","891":"\"","892":"t","893":"s","894":"\\","895":"\"","896":">","897":"\\","898":"r","899":"\\","900":"n","901":"i","902":"m","903":"p","904":"o","905":"r","906":"t","907":" ","908":"{","909":"c","910":"o","911":"m","912":"p","913":"u","914":"t","915":"e","916":"d","917":",","918":" ","919":"w","920":"i","921":"t","922":"h","923":"D","924":"e","925":"f","926":"a","927":"u","928":"l","929":"t","930":"s","931":"}","932":" ","933":"f","934":"r","935":"o","936":"m","937":" ","938":"'","939":"v","940":"u","941":"e","942":"'","943":"\\","944":"r","945":"\\","946":"n","947":"i","948":"m","949":"p","950":"o","951":"r","952":"t","953":" ","954":"{","955":" ","956":"u","957":"s","958":"e","959":"G","960":"l","961":"o","962":"b","963":"a","964":"l","965":"C","966":"o","967":"n","968":"f","969":"i","970":"g","971":" ","972":"}","973":" ","974":"f","975":"r","976":"o","977":"m","978":" ","979":"'","980":".","981":".","982":"/","983":".","984":".","985":"/","986":"u","987":"t","988":"i","989":"l","990":"'","991":"\\","992":"r","993":"\\","994":"n","995":"i","996":"n","997":"t","998":"e","999":"r","1000":"f","1001":"a","1002":"c","1003":"e","1004":" ","1005":"P","1006":"r","1007":"o","1008":"p","1009":"s","1010":" ","1011":"{","1012":"\\","1013":"r","1014":"\\","1015":"n","1016":" ","1017":" ","1018":"s","1019":"i","1020":"z","1021":"e","1022":"?","1023":":","1024":"\\","1025":"\"","1026":"\\","1027":"\"","1028":"|","1029":"'","1030":"s","1031":"m","1032":"a","1033":"l","1034":"l","1035":"'","1036":"|","1037":"'","1038":"m","1039":"e","1040":"d","1041":"i","1042":"u","1043":"m","1044":"'","1045":"|","1046":"'","1047":"l","1048":"a","1049":"r","1050":"g","1051":"e","1052":"'","1053":",","1054":"\\","1055":"r","1056":"\\","1057":"n","1058":" ","1059":" ","1060":"t","1061":"y","1062":"p","1063":"e","1064":"?","1065":":","1066":"\\","1067":"\"","1068":"\\","1069":"\"","1070":"|","1071":"'","1072":"p","1073":"r","1074":"i","1075":"m","1076":"a","1077":"r","1078":"y","1079":"'","1080":"|","1081":"'","1082":"s","1083":"u","1084":"c","1085":"c","1086":"e","1087":"s","1088":"s","1089":"'","1090":"|","1091":"'","1092":"d","1093":"a","1094":"n","1095":"g","1096":"e","1097":"r","1098":"'","1099":"\\","1100":"r","1101":"\\","1102":"n","1103":"}","1104":"\\","1105":"r","1106":"\\","1107":"n","1108":"c","1109":"o","1110":"n","1111":"s","1112":"t","1113":" ","1114":"p","1115":"r","1116":"o","1117":"p","1118":"s","1119":" ","1120":"=","1121":" ","1122":"w","1123":"i","1124":"t","1125":"h","1126":"D","1127":"e","1128":"f","1129":"a","1130":"u","1131":"l","1132":"t","1133":"s","1134":"(","1135":"d","1136":"e","1137":"f","1138":"i","1139":"n","1140":"e","1141":"P","1142":"r","1143":"o","1144":"p","1145":"s","1146":"<","1147":"P","1148":"r","1149":"o","1150":"p","1151":"s","1152":">","1153":"(","1154":")","1155":",","1156":"{","1157":"\\","1158":"r","1159":"\\","1160":"n","1161":" ","1162":" ","1163":"s","1164":"i","1165":"z","1166":"e","1167":":","1168":"\\","1169":"\"","1170":"\\","1171":"\"","1172":",","1173":"\\","1174":"r","1175":"\\","1176":"n","1177":" ","1178":" ","1179":"t","1180":"y","1181":"p","1182":"e","1183":":","1184":"\\","1185":"\"","1186":"\\","1187":"\"","1188":"\\","1189":"r","1190":"\\","1191":"n","1192":"}","1193":")","1194":"\\","1195":"r","1196":"\\","1197":"n","1198":"c","1199":"o","1200":"n","1201":"s","1202":"t","1203":" ","1204":"g","1205":"l","1206":"o","1207":"b","1208":"a","1209":"l","1210":"C","1211":"o","1212":"n","1213":"f","1214":"i","1215":"g","1216":" ","1217":"=","1218":" ","1219":"u","1220":"s","1221":"e","1222":"G","1223":"l","1224":"o","1225":"b","1226":"a","1227":"l","1228":"C","1229":"o","1230":"n","1231":"f","1232":"i","1233":"g","1234":"(","1235":")","1236":"\\","1237":"r","1238":"\\","1239":"n","1240":"c","1241":"o","1242":"n","1243":"s","1244":"t","1245":" ","1246":"b","1247":"u","1248":"t","1249":"t","1250":"o","1251":"n","1252":"S","1253":"i","1254":"z","1255":"e","1256":" ","1257":"=","1258":" ","1259":"c","1260":"o","1261":"m","1262":"p","1263":"u","1264":"t","1265":"e","1266":"d","1267":"(","1268":"(","1269":")","1270":"=","1271":">","1272":"{","1273":"\\","1274":"r","1275":"\\","1276":"n","1277":" ","1278":" ","1279":"c","1280":"o","1281":"n","1282":"s","1283":"o","1284":"l","1285":"e","1286":".","1287":"l","1288":"o","1289":"g","1290":"(","1291":"p","1292":"r","1293":"o","1294":"p","1295":"s","1296":".","1297":"s","1298":"i","1299":"z","1300":"e","1301":",","1302":"g","1303":"l","1304":"o","1305":"b","1306":"a","1307":"l","1308":"C","1309":"o","1310":"n","1311":"f","1312":"i","1313":"g","1314":")","1315":"\\","1316":"r","1317":"\\","1318":"n","1319":" ","1320":" ","1321":"r","1322":"e","1323":"t","1324":"u","1325":"r","1326":"n","1327":" ","1328":"p","1329":"r","1330":"o","1331":"p","1332":"s","1333":".","1334":"s","1335":"i","1336":"z","1337":"e","1338":"|","1339":"|","1340":"g","1341":"l","1342":"o","1343":"b","1344":"a","1345":"l","1346":"C","1347":"o","1348":"n","1349":"f","1350":"i","1351":"g","1352":".","1353":"s","1354":"i","1355":"z","1356":"e","1357":"\\","1358":"r","1359":"\\","1360":"n","1361":"}","1362":")","1363":"\\","1364":"r","1365":"\\","1366":"n","1367":"<","1368":"/","1369":"s","1370":"c","1371":"r","1372":"i","1373":"p","1374":"t","1375":">","1376":"\\","1377":"r","1378":"\\","1379":"n","1380":"\\","1381":"r","1382":"\\","1383":"n","1384":"<","1385":"s","1386":"t","1387":"y","1388":"l","1389":"e","1390":" ","1391":"l","1392":"a","1393":"n","1394":"g","1395":"=","1396":"\\","1397":"\"","1398":"s","1399":"c","1400":"s","1401":"s","1402":"\\","1403":"\"","1404":">","1405":"\\","1406":"r","1407":"\\","1408":"n","1409":"@","1410":"i","1411":"m","1412":"p","1413":"o","1414":"r","1415":"t","1416":" ","1417":"'","1418":".","1419":".","1420":"/","1421":"s","1422":"t","1423":"y","1424":"l","1425":"e","1426":"s","1427":"/","1428":"m","1429":"i","1430":"x","1431":"i","1432":"n","1433":"'","1434":";","1435":"\\","1436":"r","1437":"\\","1438":"n","1439":"@","1440":"i","1441":"n","1442":"c","1443":"l","1444":"u","1445":"d","1446":"e","1447":" ","1448":"b","1449":"(","1450":"b","1451":"u","1452":"t","1453":"t","1454":"o","1455":"n","1456":")","1457":"{","1458":"\\","1459":"r","1460":"\\","1461":"n","1462":" ","1463":" ","1464":"d","1465":"i","1466":"s","1467":"p","1468":"l","1469":"a","1470":"y","1471":":","1472":" ","1473":"i","1474":"n","1475":"l","1476":"i","1477":"n","1478":"e","1479":"-","1480":"b","1481":"l","1482":"o","1483":"c","1484":"k","1485":";","1486":"\\","1487":"r","1488":"\\","1489":"n","1490":" ","1491":" ","1492":"l","1493":"i","1494":"n","1495":"e","1496":"-","1497":"h","1498":"e","1499":"i","1500":"g","1501":"h","1502":"t","1503":":","1504":" ","1505":"1","1506":";","1507":"\\","1508":"r","1509":"\\","1510":"n","1511":" ","1512":" ","1513":"w","1514":"h","1515":"i","1516":"t","1517":"e","1518":"-","1519":"s","1520":"p","1521":"a","1522":"c","1523":"e","1524":":","1525":" ","1526":"n","1527":"o","1528":"w","1529":"r","1530":"a","1531":"p","1532":";","1533":"\\","1534":"r","1535":"\\","1536":"n","1537":" ","1538":" ","1539":"c","1540":"u","1541":"r","1542":"s","1543":"o","1544":"r","1545":":","1546":" ","1547":"p","1548":"o","1549":"i","1550":"n","1551":"t","1552":"e","1553":"r","1554":";","1555":"\\","1556":"r","1557":"\\","1558":"n","1559":" ","1560":" ","1561":"b","1562":"a","1563":"c","1564":"k","1565":"g","1566":"r","1567":"o","1568":"u","1569":"n","1570":"d","1571":":","1572":" ","1573":"$","1574":"-","1575":"-","1576":"b","1577":"u","1578":"t","1579":"t","1580":"o","1581":"n","1582":"-","1583":"d","1584":"e","1585":"f","1586":"a","1587":"u","1588":"l","1589":"t","1590":"-","1591":"b","1592":"a","1593":"c","1594":"k","1595":"g","1596":"r","1597":"o","1598":"u","1599":"n","1600":"d","1601":"-","1602":"c","1603":"o","1604":"l","1605":"o","1606":"r","1607":";","1608":"\\","1609":"r","1610":"\\","1611":"n","1612":" ","1613":" ","1614":"c","1615":"o","1616":"l","1617":"o","1618":"r","1619":":","1620":" ","1621":"$","1622":"-","1623":"-","1624":"b","1625":"u","1626":"t","1627":"t","1628":"o","1629":"n","1630":"-","1631":"d","1632":"e","1633":"f","1634":"a","1635":"u","1636":"l","1637":"t","1638":"-","1639":"f","1640":"o","1641":"n","1642":"t","1643":"-","1644":"c","1645":"o","1646":"l","1647":"o","1648":"r","1649":";","1650":"\\","1651":"r","1652":"\\","1653":"n","1654":" ","1655":" ","1656":"-","1657":"w","1658":"e","1659":"b","1660":"k","1661":"i","1662":"t","1663":"-","1664":"a","1665":"p","1666":"p","1667":"e","1668":"a","1669":"r","1670":"a","1671":"n","1672":"c","1673":"e","1674":":","1675":" ","1676":"n","1677":"o","1678":"n","1679":"e","1680":";","1681":"\\","1682":"r","1683":"\\","1684":"n","1685":" ","1686":" ","1687":"t","1688":"e","1689":"x","1690":"t","1691":"-","1692":"a","1693":"l","1694":"i","1695":"g","1696":"n","1697":":","1698":" ","1699":"c","1700":"e","1701":"n","1702":"t","1703":"e","1704":"r","1705":";","1706":"\\","1707":"r","1708":"\\","1709":"n","1710":" ","1711":" ","1712":"b","1713":"o","1714":"r","1715":"d","1716":"e","1717":"r","1718":":","1719":" ","1720":"$","1721":"-","1722":"-","1723":"b","1724":"o","1725":"r","1726":"d","1727":"e","1728":"r","1729":"-","1730":"b","1731":"a","1732":"s","1733":"e","1734":";","1735":"\\","1736":"r","1737":"\\","1738":"n","1739":" ","1740":" ","1741":"b","1742":"o","1743":"r","1744":"d","1745":"e","1746":"r","1747":"-","1748":"c","1749":"o","1750":"l","1751":"o","1752":"r","1753":":","1754":" ","1755":"$","1756":"-","1757":"-","1758":"b","1759":"u","1760":"t","1761":"t","1762":"o","1763":"n","1764":"-","1765":"d","1766":"e","1767":"f","1768":"a","1769":"u","1770":"l","1771":"t","1772":"-","1773":"b","1774":"o","1775":"r","1776":"d","1777":"e","1778":"r","1779":"-","1780":"c","1781":"o","1782":"l","1783":"o","1784":"r","1785":";","1786":"\\","1787":"r","1788":"\\","1789":"n","1790":" ","1791":" ","1792":"b","1793":"o","1794":"x","1795":"-","1796":"s","1797":"i","1798":"z","1799":"i","1800":"n","1801":"g","1802":":","1803":" ","1804":"b","1805":"o","1806":"r","1807":"d","1808":"e","1809":"r","1810":"-","1811":"b","1812":"o","1813":"x","1814":";","1815":"\\","1816":"r","1817":"\\","1818":"n","1819":" ","1820":" ","1821":"o","1822":"u","1823":"t","1824":"l","1825":"i","1826":"n","1827":"e","1828":":","1829":" ","1830":"n","1831":"o","1832":"n","1833":"e","1834":";","1835":"\\","1836":"r","1837":"\\","1838":"n","1839":" ","1840":" ","1841":"m","1842":"a","1843":"r","1844":"g","1845":"i","1846":"n","1847":":","1848":" ","1849":"0","1850":";","1851":"\\","1852":"r","1853":"\\","1854":"n","1855":" ","1856":" ","1857":"f","1858":"o","1859":"n","1860":"t","1861":"-","1862":"w","1863":"e","1864":"i","1865":"g","1866":"h","1867":"t","1868":":","1869":" ","1870":"$","1871":"-","1872":"-","1873":"b","1874":"u","1875":"t","1876":"t","1877":"o","1878":"n","1879":"-","1880":"f","1881":"o","1882":"n","1883":"t","1884":"-","1885":"w","1886":"e","1887":"i","1888":"g","1889":"h","1890":"t","1891":";","1892":"\\","1893":"r","1894":"\\","1895":"n","1896":" ","1897":" ","1898":"&","1899":" ","1900":"+","1901":" ","1902":"&","1903":" ","1904":"{","1905":"\\","1906":"r","1907":"\\","1908":"n","1909":" ","1910":" ","1911":" ","1912":" ","1913":"m","1914":"a","1915":"r","1916":"g","1917":"i","1918":"n","1919":"-","1920":"l","1921":"e","1922":"f","1923":"t","1924":":","1925":" ","1926":"1","1927":"0","1928":"p","1929":"x","1930":";","1931":"\\","1932":"r","1933":"\\","1934":"n","1935":" ","1936":" ","1937":"}","1938":"\\","1939":"r","1940":"\\","1941":"n","1942":" ","1943":" ","1944":"@","1945":"i","1946":"n","1947":"c","1948":"l","1949":"u","1950":"d","1951":"e","1952":" ","1953":"b","1954":"u","1955":"t","1956":"t","1957":"o","1958":"n","1959":"-","1960":"s","1961":"i","1962":"z","1963":"e","1964":"(","1965":"\\","1966":"r","1967":"\\","1968":"n","1969":" ","1970":" ","1971":" ","1972":" ","1973":"$","1974":"-","1975":"-","1976":"b","1977":"u","1978":"t","1979":"t","1980":"o","1981":"n","1982":"-","1983":"p","1984":"a","1985":"d","1986":"d","1987":"i","1988":"n","1989":"g","1990":"-","1991":"v","1992":"e","1993":"r","1994":"t","1995":"i","1996":"c","1997":"a","1998":"l","1999":",","2000":"\\","2001":"r","2002":"\\","2003":"n","2004":" ","2005":" ","2006":" ","2007":" ","2008":"$","2009":"-","2010":"-","2011":"b","2012":"u","2013":"t","2014":"t","2015":"o","2016":"n","2017":"-","2018":"p","2019":"a","2020":"d","2021":"d","2022":"i","2023":"n","2024":"g","2025":"-","2026":"h","2027":"o","2028":"r","2029":"i","2030":"z","2031":"o","2032":"n","2033":"t","2034":"a","2035":"l","2036":",","2037":"\\","2038":"r","2039":"\\","2040":"n","2041":" ","2042":" ","2043":" ","2044":" ","2045":"$","2046":"-","2047":"-","2048":"b","2049":"u","2050":"t","2051":"t","2052":"o","2053":"n","2054":"-","2055":"f","2056":"o","2057":"n","2058":"t","2059":"-","2060":"s","2061":"i","2062":"z","2063":"e","2064":",","2065":"\\","2066":"r","2067":"\\","2068":"n","2069":" ","2070":" ","2071":" ","2072":" ","2073":"$","2074":"-","2075":"-","2076":"b","2077":"u","2078":"t","2079":"t","2080":"o","2081":"n","2082":"-","2083":"b","2084":"o","2085":"r","2086":"d","2087":"e","2088":"r","2089":"-","2090":"r","2091":"a","2092":"d","2093":"i","2094":"u","2095":"s","2096":"\\","2097":"r","2098":"\\","2099":"n","2100":" ","2101":" ","2102":")","2103":";","2104":"\\","2105":"r","2106":"\\","2107":"n","2108":" ","2109":" ","2110":"&","2111":":","2112":"h","2113":"o","2114":"v","2115":"e","2116":"r","2117":",","2118":"\\","2119":"r","2120":"\\","2121":"n","2122":" ","2123":" ","2124":"&","2125":":","2126":"f","2127":"o","2128":"c","2129":"u","2130":"s","2131":" ","2132":"{","2133":"\\","2134":"r","2135":"\\","2136":"n","2137":" ","2138":" ","2139":" ","2140":" ","2141":"c","2142":"o","2143":"l","2144":"o","2145":"r","2146":":","2147":" ","2148":"$","2149":"-","2150":"-","2151":"c","2152":"o","2153":"l","2154":"o","2155":"r","2156":"-","2157":"p","2158":"r","2159":"i","2160":"m","2161":"a","2162":"r","2163":"y","2164":";","2165":"\\","2166":"r","2167":"\\","2168":"n","2169":" ","2170":" ","2171":" ","2172":" ","2173":"b","2174":"o","2175":"r","2176":"d","2177":"e","2178":"r","2179":"-","2180":"c","2181":"o","2182":"l","2183":"o","2184":"r","2185":":","2186":" ","2187":"m","2188":"i","2189":"x","2190":"(","2191":"$","2192":"-","2193":"-","2194":"c","2195":"o","2196":"l","2197":"o","2198":"r","2199":"-","2200":"w","2201":"h","2202":"i","2203":"t","2204":"e","2205":",","2206":"$","2207":"-","2208":"-","2209":"c","2210":"o","2211":"l","2212":"o","2213":"r","2214":"-","2215":"p","2216":"r","2217":"i","2218":"m","2219":"a","2220":"r","2221":"y","2222":",","2223":"7","2224":"0","2225":"%","2226":")","2227":";","2228":"\\","2229":"r","2230":"\\","2231":"n","2232":" ","2233":" ","2234":" ","2235":" ","2236":"b","2237":"a","2238":"c","2239":"k","2240":"g","2241":"r","2242":"o","2243":"u","2244":"n","2245":"d","2246":"-","2247":"c","2248":"o","2249":"l","2250":"o","2251":"r","2252":":","2253":" ","2254":"m","2255":"i","2256":"x","2257":"(","2258":"$","2259":"-","2260":"-","2261":"c","2262":"o","2263":"l","2264":"o","2265":"r","2266":"-","2267":"w","2268":"h","2269":"i","2270":"t","2271":"e","2272":",","2273":"$","2274":"-","2275":"-","2276":"c","2277":"o","2278":"l","2279":"o","2280":"r","2281":"-","2282":"p","2283":"r","2284":"i","2285":"m","2286":"a","2287":"r","2288":"y","2289":",","2290":"9","2291":"0","2292":"%","2293":")","2294":";","2295":"\\","2296":"r","2297":"\\","2298":"n","2299":" ","2300":" ","2301":"}","2302":"\\","2303":"r","2304":"\\","2305":"n","2306":" ","2307":" ","2308":"@","2309":"i","2310":"n","2311":"c","2312":"l","2313":"u","2314":"d","2315":"e","2316":" ","2317":"m","2318":"(","2319":"m","2320":"e","2321":"d","2322":"i","2323":"u","2324":"m","2325":")","2326":" ","2327":"{","2328":"\\","2329":"r","2330":"\\","2331":"n","2332":" ","2333":" ","2334":" ","2335":" ","2336":"@","2337":"i","2338":"n","2339":"c","2340":"l","2341":"u","2342":"d","2343":"e","2344":" ","2345":"b","2346":"u","2347":"t","2348":"t","2349":"o","2350":"n","2351":"-","2352":"s","2353":"i","2354":"z","2355":"e","2356":"(","2357":"\\","2358":"r","2359":"\\","2360":"n","2361":" ","2362":" ","2363":" ","2364":" ","2365":" ","2366":" ","2367":"$","2368":"-","2369":"-","2370":"b","2371":"u","2372":"t","2373":"t","2374":"o","2375":"n","2376":"-","2377":"m","2378":"e","2379":"d","2380":"i","2381":"u","2382":"m","2383":"-","2384":"p","2385":"a","2386":"d","2387":"d","2388":"i","2389":"n","2390":"g","2391":"-","2392":"v","2393":"e","2394":"r","2395":"t","2396":"i","2397":"c","2398":"a","2399":"l","2400":",","2401":"\\","2402":"r","2403":"\\","2404":"n","2405":" ","2406":" ","2407":" ","2408":" ","2409":" ","2410":" ","2411":"$","2412":"-","2413":"-","2414":"b","2415":"u","2416":"t","2417":"t","2418":"o","2419":"n","2420":"-","2421":"m","2422":"e","2423":"d","2424":"i","2425":"u","2426":"m","2427":"-","2428":"p","2429":"a","2430":"d","2431":"d","2432":"i","2433":"n","2434":"g","2435":"-","2436":"h","2437":"o","2438":"r","2439":"i","2440":"z","2441":"o","2442":"n","2443":"t","2444":"a","2445":"l","2446":",","2447":"\\","2448":"r","2449":"\\","2450":"n","2451":" ","2452":" ","2453":" ","2454":" ","2455":" ","2456":" ","2457":"$","2458":"-","2459":"-","2460":"b","2461":"u","2462":"t","2463":"t","2464":"o","2465":"n","2466":"-","2467":"m","2468":"e","2469":"d","2470":"i","2471":"u","2472":"m","2473":"-","2474":"f","2475":"o","2476":"n","2477":"t","2478":"-","2479":"s","2480":"i","2481":"z","2482":"e","2483":",","2484":"\\","2485":"r","2486":"\\","2487":"n","2488":" ","2489":" ","2490":" ","2491":" ","2492":" ","2493":" ","2494":"$","2495":"-","2496":"-","2497":"b","2498":"u","2499":"t","2500":"t","2501":"o","2502":"n","2503":"-","2504":"m","2505":"e","2506":"d","2507":"i","2508":"u","2509":"m","2510":"-","2511":"b","2512":"o","2513":"r","2514":"d","2515":"e","2516":"r","2517":"-","2518":"r","2519":"a","2520":"d","2521":"i","2522":"u","2523":"s","2524":"\\","2525":"r","2526":"\\","2527":"n","2528":" ","2529":" ","2530":" ","2531":" ","2532":")","2533":";","2534":"\\","2535":"r","2536":"\\","2537":"n","2538":" ","2539":" ","2540":"}","2541":"\\","2542":"r","2543":"\\","2544":"n","2545":" ","2546":" ","2547":"@","2548":"i","2549":"n","2550":"c","2551":"l","2552":"u","2553":"d","2554":"e","2555":" ","2556":"m","2557":"(","2558":"s","2559":"m","2560":"a","2561":"l","2562":"l","2563":")","2564":" ","2565":"{","2566":"\\","2567":"r","2568":"\\","2569":"n","2570":" ","2571":" ","2572":" ","2573":" ","2574":"@","2575":"i","2576":"n","2577":"c","2578":"l","2579":"u","2580":"d","2581":"e","2582":" ","2583":"b","2584":"u","2585":"t","2586":"t","2587":"o","2588":"n","2589":"-","2590":"s","2591":"i","2592":"z","2593":"e","2594":"(","2595":"\\","2596":"r","2597":"\\","2598":"n","2599":" ","2600":" ","2601":" ","2602":" ","2603":" ","2604":" ","2605":"$","2606":"-","2607":"-","2608":"b","2609":"u","2610":"t","2611":"t","2612":"o","2613":"n","2614":"-","2615":"s","2616":"m","2617":"a","2618":"l","2619":"l","2620":"-","2621":"p","2622":"a","2623":"d","2624":"d","2625":"i","2626":"n","2627":"g","2628":"-","2629":"v","2630":"e","2631":"r","2632":"t","2633":"i","2634":"c","2635":"a","2636":"l","2637":",","2638":"\\","2639":"r","2640":"\\","2641":"n","2642":" ","2643":" ","2644":" ","2645":" ","2646":" ","2647":" ","2648":"$","2649":"-","2650":"-","2651":"b","2652":"u","2653":"t","2654":"t","2655":"o","2656":"n","2657":"-","2658":"s","2659":"m","2660":"a","2661":"l","2662":"l","2663":"-","2664":"p","2665":"a","2666":"d","2667":"d","2668":"i","2669":"n","2670":"g","2671":"-","2672":"h","2673":"o","2674":"r","2675":"i","2676":"z","2677":"o","2678":"n","2679":"t","2680":"a","2681":"l","2682":",","2683":"\\","2684":"r","2685":"\\","2686":"n","2687":" ","2688":" ","2689":" ","2690":" ","2691":" ","2692":" ","2693":"$","2694":"-","2695":"-","2696":"b","2697":"u","2698":"t","2699":"t","2700":"o","2701":"n","2702":"-","2703":"s","2704":"m","2705":"a","2706":"l","2707":"l","2708":"-","2709":"f","2710":"o","2711":"n","2712":"t","2713":"-","2714":"s","2715":"i","2716":"z","2717":"e","2718":",","2719":"\\","2720":"r","2721":"\\","2722":"n","2723":" ","2724":" ","2725":" ","2726":" ","2727":" ","2728":" ","2729":"$","2730":"-","2731":"-","2732":"b","2733":"u","2734":"t","2735":"t","2736":"o","2737":"n","2738":"-","2739":"s","2740":"m","2741":"a","2742":"l","2743":"l","2744":"-","2745":"b","2746":"o","2747":"r","2748":"d","2749":"e","2750":"r","2751":"-","2752":"r","2753":"a","2754":"d","2755":"i","2756":"u","2757":"s","2758":"\\","2759":"r","2760":"\\","2761":"n","2762":" ","2763":" ","2764":" ","2765":" ","2766":")","2767":";","2768":"\\","2769":"r","2770":"\\","2771":"n","2772":" ","2773":" ","2774":"}","2775":"\\","2776":"r","2777":"\\","2778":"n","2779":" ","2780":" ","2781":"@","2782":"i","2783":"n","2784":"c","2785":"l","2786":"u","2787":"d","2788":"e","2789":" ","2790":"m","2791":"(","2792":"l","2793":"a","2794":"r","2795":"g","2796":"e","2797":")","2798":" ","2799":"{","2800":"\\","2801":"r","2802":"\\","2803":"n","2804":" ","2805":" ","2806":" ","2807":" ","2808":"@","2809":"i","2810":"n","2811":"c","2812":"l","2813":"u","2814":"d","2815":"e","2816":" ","2817":"b","2818":"u","2819":"t","2820":"t","2821":"o","2822":"n","2823":"-","2824":"s","2825":"i","2826":"z","2827":"e","2828":"(","2829":"\\","2830":"r","2831":"\\","2832":"n","2833":" ","2834":" ","2835":" ","2836":" ","2837":" ","2838":" ","2839":"$","2840":"-","2841":"-","2842":"b","2843":"u","2844":"t","2845":"t","2846":"o","2847":"n","2848":"-","2849":"l","2850":"a","2851":"r","2852":"g","2853":"e","2854":"-","2855":"p","2856":"a","2857":"d","2858":"d","2859":"i","2860":"n","2861":"g","2862":"-","2863":"v","2864":"e","2865":"r","2866":"t","2867":"i","2868":"c","2869":"a","2870":"l","2871":",","2872":"\\","2873":"r","2874":"\\","2875":"n","2876":" ","2877":" ","2878":" ","2879":" ","2880":" ","2881":" ","2882":"$","2883":"-","2884":"-","2885":"b","2886":"u","2887":"t","2888":"t","2889":"o","2890":"n","2891":"-","2892":"l","2893":"a","2894":"r","2895":"g","2896":"e","2897":"-","2898":"p","2899":"a","2900":"d","2901":"d","2902":"i","2903":"n","2904":"g","2905":"-","2906":"h","2907":"o","2908":"r","2909":"i","2910":"z","2911":"o","2912":"n","2913":"t","2914":"a","2915":"l","2916":",","2917":"\\","2918":"r","2919":"\\","2920":"n","2921":" ","2922":" ","2923":" ","2924":" ","2925":" ","2926":" ","2927":"$","2928":"-","2929":"-","2930":"b","2931":"u","2932":"t","2933":"t","2934":"o","2935":"n","2936":"-","2937":"l","2938":"a","2939":"r","2940":"g","2941":"e","2942":"-","2943":"f","2944":"o","2945":"n","2946":"t","2947":"-","2948":"s","2949":"i","2950":"z","2951":"e","2952":",","2953":"\\","2954":"r","2955":"\\","2956":"n","2957":" ","2958":" ","2959":" ","2960":" ","2961":" ","2962":" ","2963":"$","2964":"-","2965":"-","2966":"b","2967":"u","2968":"t","2969":"t","2970":"o","2971":"n","2972":"-","2973":"l","2974":"a","2975":"r","2976":"g","2977":"e","2978":"-","2979":"b","2980":"o","2981":"r","2982":"d","2983":"e","2984":"r","2985":"-","2986":"r","2987":"a","2988":"d","2989":"i","2990":"u","2991":"s","2992":"\\","2993":"r","2994":"\\","2995":"n","2996":" ","2997":" ","2998":" ","2999":" ","3000":")","3001":";","3002":"\\","3003":"r","3004":"\\","3005":"n","3006":" ","3007":" ","3008":"}","3009":"\\","3010":"r","3011":"\\","3012":"n","3013":"@","3014":"i","3015":"n","3016":"c","3017":"l","3018":"u","3019":"d","3020":"e","3021":" ","3022":"m","3023":"(","3024":"p","3025":"r","3026":"i","3027":"m","3028":"a","3029":"r","3030":"y","3031":")","3032":" ","3033":"{","3034":"\\","3035":"r","3036":"\\","3037":"n","3038":" ","3039":" ","3040":" ","3041":" ","3042":"@","3043":"i","3044":"n","3045":"c","3046":"l","3047":"u","3048":"d","3049":"e","3050":" ","3051":"b","3052":"u","3053":"t","3054":"t","3055":"o","3056":"n","3057":"-","3058":"v","3059":"a","3060":"r","3061":"i","3062":"a","3063":"n","3064":"t","3065":"(","3066":"\\","3067":"r","3068":"\\","3069":"n","3070":" ","3071":" ","3072":" ","3073":" ","3074":" ","3075":" ","3076":"$","3077":"-","3078":"-","3079":"b","3080":"u","3081":"t","3082":"t","3083":"o","3084":"n","3085":"-","3086":"p","3087":"r","3088":"i","3089":"m","3090":"a","3091":"r","3092":"y","3093":"-","3094":"f","3095":"o","3096":"n","3097":"t","3098":"-","3099":"c","3100":"o","3101":"l","3102":"o","3103":"r","3104":",","3105":"\\","3106":"r","3107":"\\","3108":"n","3109":" ","3110":" ","3111":" ","3112":" ","3113":" ","3114":" ","3115":"$","3116":"-","3117":"-","3118":"b","3119":"u","3120":"t","3121":"t","3122":"o","3123":"n","3124":"-","3125":"p","3126":"r","3127":"i","3128":"m","3129":"a","3130":"r","3131":"y","3132":"-","3133":"b","3134":"a","3135":"c","3136":"k","3137":"g","3138":"r","3139":"o","3140":"u","3141":"n","3142":"d","3143":"-","3144":"c","3145":"o","3146":"l","3147":"o","3148":"r","3149":",","3150":"\\","3151":"r","3152":"\\","3153":"n","3154":" ","3155":" ","3156":" ","3157":" ","3158":" ","3159":" ","3160":"$","3161":"-","3162":"-","3163":"b","3164":"u","3165":"t","3166":"t","3167":"o","3168":"n","3169":"-","3170":"p","3171":"r","3172":"i","3173":"m","3174":"a","3175":"r","3176":"y","3177":"-","3178":"b","3179":"o","3180":"r","3181":"d","3182":"e","3183":"r","3184":"-","3185":"c","3186":"o","3187":"l","3188":"o","3189":"r","3190":"\\","3191":"r","3192":"\\","3193":"n","3194":" ","3195":" ","3196":" ","3197":" ","3198":")","3199":";","3200":"\\","3201":"r","3202":"\\","3203":"n","3204":" ","3205":" ","3206":"}","3207":"\\","3208":"r","3209":"\\","3210":"n","3211":" ","3212":" ","3213":"@","3214":"i","3215":"n","3216":"c","3217":"l","3218":"u","3219":"d","3220":"e","3221":" ","3222":"m","3223":"(","3224":"s","3225":"u","3226":"c","3227":"c","3228":"e","3229":"s","3230":"s","3231":")","3232":" ","3233":"{","3234":"\\","3235":"r","3236":"\\","3237":"n","3238":" ","3239":" ","3240":" ","3241":" ","3242":"@","3243":"i","3244":"n","3245":"c","3246":"l","3247":"u","3248":"d","3249":"e","3250":" ","3251":"b","3252":"u","3253":"t","3254":"t","3255":"o","3256":"n","3257":"-","3258":"v","3259":"a","3260":"r","3261":"i","3262":"a","3263":"n","3264":"t","3265":"(","3266":"\\","3267":"r","3268":"\\","3269":"n","3270":" ","3271":" ","3272":" ","3273":" ","3274":" ","3275":" ","3276":"$","3277":"-","3278":"-","3279":"b","3280":"u","3281":"t","3282":"t","3283":"o","3284":"n","3285":"-","3286":"s","3287":"u","3288":"c","3289":"c","3290":"e","3291":"s","3292":"s","3293":"-","3294":"f","3295":"o","3296":"n","3297":"t","3298":"-","3299":"c","3300":"o","3301":"l","3302":"o","3303":"r","3304":",","3305":"\\","3306":"r","3307":"\\","3308":"n","3309":" ","3310":" ","3311":" ","3312":" ","3313":" ","3314":" ","3315":"$","3316":"-","3317":"-","3318":"b","3319":"u","3320":"t","3321":"t","3322":"o","3323":"n","3324":"-","3325":"s","3326":"u","3327":"c","3328":"c","3329":"e","3330":"s","3331":"s","3332":"-","3333":"b","3334":"a","3335":"c","3336":"k","3337":"g","3338":"r","3339":"o","3340":"u","3341":"n","3342":"d","3343":"-","3344":"c","3345":"o","3346":"l","3347":"o","3348":"r","3349":",","3350":"\\","3351":"r","3352":"\\","3353":"n","3354":" ","3355":" ","3356":" ","3357":" ","3358":" ","3359":" ","3360":"$","3361":"-","3362":"-","3363":"b","3364":"u","3365":"t","3366":"t","3367":"o","3368":"n","3369":"-","3370":"s","3371":"u","3372":"c","3373":"c","3374":"e","3375":"s","3376":"s","3377":"-","3378":"b","3379":"o","3380":"r","3381":"d","3382":"e","3383":"r","3384":"-","3385":"c","3386":"o","3387":"l","3388":"o","3389":"r","3390":"\\","3391":"r","3392":"\\","3393":"n","3394":" ","3395":" ","3396":" ","3397":" ","3398":")","3399":";","3400":"\\","3401":"r","3402":"\\","3403":"n","3404":" ","3405":" ","3406":"}","3407":"\\","3408":"r","3409":"\\","3410":"n","3411":" ","3412":" ","3413":"@","3414":"i","3415":"n","3416":"c","3417":"l","3418":"u","3419":"d","3420":"e","3421":" ","3422":"m","3423":"(","3424":"d","3425":"a","3426":"n","3427":"g","3428":"e","3429":"r","3430":")","3431":" ","3432":"{","3433":"\\","3434":"r","3435":"\\","3436":"n","3437":" ","3438":" ","3439":" ","3440":" ","3441":"@","3442":"i","3443":"n","3444":"c","3445":"l","3446":"u","3447":"d","3448":"e","3449":" ","3450":"b","3451":"u","3452":"t","3453":"t","3454":"o","3455":"n","3456":"-","3457":"v","3458":"a","3459":"r","3460":"i","3461":"a","3462":"n","3463":"t","3464":"(","3465":"\\","3466":"r","3467":"\\","3468":"n","3469":" ","3470":" ","3471":" ","3472":" ","3473":" ","3474":" ","3475":"$","3476":"-","3477":"-","3478":"b","3479":"u","3480":"t","3481":"t","3482":"o","3483":"n","3484":"-","3485":"d","3486":"a","3487":"n","3488":"g","3489":"e","3490":"r","3491":"-","3492":"f","3493":"o","3494":"n","3495":"t","3496":"-","3497":"c","3498":"o","3499":"l","3500":"o","3501":"r","3502":",","3503":"\\","3504":"r","3505":"\\","3506":"n","3507":" ","3508":" ","3509":" ","3510":" ","3511":" ","3512":" ","3513":"$","3514":"-","3515":"-","3516":"b","3517":"u","3518":"t","3519":"t","3520":"o","3521":"n","3522":"-","3523":"d","3524":"a","3525":"n","3526":"g","3527":"e","3528":"r","3529":"-","3530":"b","3531":"a","3532":"c","3533":"k","3534":"g","3535":"r","3536":"o","3537":"u","3538":"n","3539":"d","3540":"-","3541":"c","3542":"o","3543":"l","3544":"o","3545":"r","3546":",","3547":"\\","3548":"r","3549":"\\","3550":"n","3551":" ","3552":" ","3553":" ","3554":" ","3555":" ","3556":" ","3557":"$","3558":"-","3559":"-","3560":"b","3561":"u","3562":"t","3563":"t","3564":"o","3565":"n","3566":"-","3567":"d","3568":"a","3569":"n","3570":"g","3571":"e","3572":"r","3573":"-","3574":"b","3575":"o","3576":"r","3577":"d","3578":"e","3579":"r","3580":"-","3581":"c","3582":"o","3583":"l","3584":"o","3585":"r","3586":"\\","3587":"r","3588":"\\","3589":"n","3590":" ","3591":" ","3592":" ","3593":" ","3594":")","3595":";","3596":"\\","3597":"r","3598":"\\","3599":"n","3600":" ","3601":" ","3602":"}","3603":"\\","3604":"r","3605":"\\","3606":"n","3607":"}","3608":"\\","3609":"r","3610":"\\","3611":"n","3612":"<","3613":"/","3614":"s","3615":"t","3616":"y","3617":"l","3618":"e","3619":">","3620":"\"","3621":",","3622":"\"","3623":"<","3624":"t","3625":"e","3626":"m","3627":"p","3628":"l","3629":"a","3630":"t","3631":"e","3632":">","3633":"\\","3634":"r","3635":"\\","3636":"n","3637":" ","3638":" ","3639":"<","3640":"b","3641":"u","3642":"t","3643":"t","3644":"o","3645":"n","3646":"\\","3647":"r","3648":"\\","3649":"n","3650":" ","3651":" ","3652":" ","3653":" ","3654":"c","3655":"l","3656":"a","3657":"s","3658":"s","3659":"=","3660":"\\","3661":"\"","3662":"e","3663":"l","3664":"-","3665":"b","3666":"u","3667":"t","3668":"t","3669":"o","3670":"n","3671":"\\","3672":"\"","3673":" ","3674":"\\","3675":"r","3676":"\\","3677":"n","3678":" ","3679":" ","3680":" ","3681":" ","3682":":","3683":"c","3684":"l","3685":"a","3686":"s","3687":"s","3688":"=","3689":"\\","3690":"\"","3691":"[","3692":"\\","3693":"r","3694":"\\","3695":"n","3696":" ","3697":" ","3698":" ","3699":" ","3700":" ","3701":" ","3702":"b","3703":"u","3704":"t","3705":"t","3706":"o","3707":"n","3708":"S","3709":"i","3710":"z","3711":"e","3712":" ","3713":"?","3714":" ","3715":"`","3716":"e","3717":"l","3718":"-","3719":"b","3720":"u","3721":"t","3722":"t","3723":"o","3724":"n","3725":"-","3726":"-","3727":"$","3728":"{","3729":"b","3730":"u","3731":"t","3732":"t","3733":"o","3734":"n","3735":"S","3736":"i","3737":"z","3738":"e","3739":"}","3740":"`","3741":" ","3742":":","3743":" ","3744":"'","3745":"'","3746":",","3747":"\\","3748":"r","3749":"\\","3750":"n","3751":" ","3752":" ","3753":" ","3754":" ","3755":" ","3756":" ","3757":"t","3758":"y","3759":"p","3760":"e","3761":" ","3762":"?","3763":" ","3764":"`","3765":"e","3766":"l","3767":"-","3768":"b","3769":"u","3770":"t","3771":"t","3772":"o","3773":"n","3774":"-","3775":"-","3776":"$","3777":"{","3778":"t","3779":"y","3780":"p","3781":"e","3782":"}","3783":"`","3784":" ","3785":":","3786":" ","3787":"'","3788":"'","3789":"\\","3790":"r","3791":"\\","3792":"n","3793":" ","3794":" ","3795":" ","3796":" ","3797":"]","3798":"\\","3799":"\"","3800":"\\","3801":"r","3802":"\\","3803":"n","3804":" ","3805":" ","3806":">","3807":"\\","3808":"r","3809":"\\","3810":"n","3811":" ","3812":" ","3813":" ","3814":" ","3815":"<","3816":"s","3817":"l","3818":"o","3819":"t","3820":" ","3821":"/","3822":">","3823":"\\","3824":"r","3825":"\\","3826":"n","3827":" ","3828":" ","3829":"<","3830":"/","3831":"b","3832":"u","3833":"t","3834":"t","3835":"o","3836":"n","3837":">","3838":"\\","3839":"r","3840":"\\","3841":"n","3842":"<","3843":"/","3844":"t","3845":"e","3846":"m","3847":"p","3848":"l","3849":"a","3850":"t","3851":"e","3852":">","3853":"\\","3854":"r","3855":"\\","3856":"n","3857":"\\","3858":"r","3859":"\\","3860":"n","3861":"<","3862":"s","3863":"c","3864":"r","3865":"i","3866":"p","3867":"t","3868":" ","3869":"l","3870":"a","3871":"n","3872":"g","3873":"=","3874":"\\","3875":"\"","3876":"t","3877":"s","3878":"\\","3879":"\"","3880":">","3881":"\\","3882":"r","3883":"\\","3884":"n","3885":"e","3886":"x","3887":"p","3888":"o","3889":"r","3890":"t","3891":" ","3892":"d","3893":"e","3894":"f","3895":"a","3896":"u","3897":"l","3898":"t","3899":"{","3900":"\\","3901":"r","3902":"\\","3903":"n","3904":" ","3905":" ","3906":"n","3907":"a","3908":"m","3909":"e","3910":":","3911":"'","3912":"E","3913":"l","3914":"B","3915":"u","3916":"t","3917":"t","3918":"o","3919":"n","3920":"'","3921":"\\","3922":"r","3923":"\\","3924":"n","3925":"}","3926":"\\","3927":"r","3928":"\\","3929":"n","3930":"<","3931":"/","3932":"s","3933":"c","3934":"r","3935":"i","3936":"p","3937":"t","3938":">","3939":"\\","3940":"r","3941":"\\","3942":"n","3943":"\\","3944":"r","3945":"\\","3946":"n","3947":"<","3948":"s","3949":"c","3950":"r","3951":"i","3952":"p","3953":"t","3954":" ","3955":"s","3956":"e","3957":"t","3958":"u","3959":"p","3960":" ","3961":"l","3962":"a","3963":"n","3964":"g","3965":"=","3966":"\\","3967":"\"","3968":"t","3969":"s","3970":"\\","3971":"\"","3972":">","3973":"\\","3974":"r","3975":"\\","3976":"n","3977":"i","3978":"m","3979":"p","3980":"o","3981":"r","3982":"t","3983":" ","3984":"{","3985":"c","3986":"o","3987":"m","3988":"p","3989":"u","3990":"t","3991":"e","3992":"d","3993":",","3994":" ","3995":"w","3996":"i","3997":"t","3998":"h","3999":"D","4000":"e","4001":"f","4002":"a","4003":"u","4004":"l","4005":"t","4006":"s","4007":"}","4008":" ","4009":"f","4010":"r","4011":"o","4012":"m","4013":" ","4014":"'","4015":"v","4016":"u","4017":"e","4018":"'","4019":"\\","4020":"r","4021":"\\","4022":"n","4023":"i","4024":"m","4025":"p","4026":"o","4027":"r","4028":"t","4029":" ","4030":"{","4031":" ","4032":"u","4033":"s","4034":"e","4035":"G","4036":"l","4037":"o","4038":"b","4039":"a","4040":"l","4041":"C","4042":"o","4043":"n","4044":"f","4045":"i","4046":"g","4047":" ","4048":"}","4049":" ","4050":"f","4051":"r","4052":"o","4053":"m","4054":" ","4055":"'","4056":".","4057":".","4058":"/","4059":".","4060":".","4061":"/","4062":"u","4063":"t","4064":"i","4065":"l","4066":"'","4067":"\\","4068":"r","4069":"\\","4070":"n","4071":"i","4072":"n","4073":"t","4074":"e","4075":"r","4076":"f","4077":"a","4078":"c","4079":"e","4080":" ","4081":"P","4082":"r","4083":"o","4084":"p","4085":"s","4086":" ","4087":"{","4088":"\\","4089":"r","4090":"\\","4091":"n","4092":" ","4093":" ","4094":"s","4095":"i","4096":"z","4097":"e","4098":"?","4099":":","4100":"\\","4101":"\"","4102":"\\","4103":"\"","4104":"|","4105":"'","4106":"s","4107":"m","4108":"a","4109":"l","4110":"l","4111":"'","4112":"|","4113":"'","4114":"m","4115":"e","4116":"d","4117":"i","4118":"u","4119":"m","4120":"'","4121":"|","4122":"'","4123":"l","4124":"a","4125":"r","4126":"g","4127":"e","4128":"'","4129":",","4130":"\\","4131":"r","4132":"\\","4133":"n","4134":" ","4135":" ","4136":"t","4137":"y","4138":"p","4139":"e","4140":"?","4141":":","4142":"\\","4143":"\"","4144":"\\","4145":"\"","4146":"|","4147":"'","4148":"p","4149":"r","4150":"i","4151":"m","4152":"a","4153":"r","4154":"y","4155":"'","4156":"|","4157":"'","4158":"s","4159":"u","4160":"c","4161":"c","4162":"e","4163":"s","4164":"s","4165":"'","4166":"|","4167":"'","4168":"d","4169":"a","4170":"n","4171":"g","4172":"e","4173":"r","4174":"'","4175":"\\","4176":"r","4177":"\\","4178":"n","4179":"}","4180":"\\","4181":"r","4182":"\\","4183":"n","4184":"c","4185":"o","4186":"n","4187":"s","4188":"t","4189":" ","4190":"p","4191":"r","4192":"o","4193":"p","4194":"s","4195":" ","4196":"=","4197":" ","4198":"w","4199":"i","4200":"t","4201":"h","4202":"D","4203":"e","4204":"f","4205":"a","4206":"u","4207":"l","4208":"t","4209":"s","4210":"(","4211":"d","4212":"e","4213":"f","4214":"i","4215":"n","4216":"e","4217":"P","4218":"r","4219":"o","4220":"p","4221":"s","4222":"<","4223":"P","4224":"r","4225":"o","4226":"p","4227":"s","4228":">","4229":"(","4230":")","4231":",","4232":"{","4233":"\\","4234":"r","4235":"\\","4236":"n","4237":" ","4238":" ","4239":"s","4240":"i","4241":"z","4242":"e","4243":":","4244":"\\","4245":"\"","4246":"\\","4247":"\"","4248":",","4249":"\\","4250":"r","4251":"\\","4252":"n","4253":" ","4254":" ","4255":"t","4256":"y","4257":"p","4258":"e","4259":":","4260":"\\","4261":"\"","4262":"\\","4263":"\"","4264":"\\","4265":"r","4266":"\\","4267":"n","4268":"}","4269":")","4270":"\\","4271":"r","4272":"\\","4273":"n","4274":"c","4275":"o","4276":"n","4277":"s","4278":"t","4279":" ","4280":"g","4281":"l","4282":"o","4283":"b","4284":"a","4285":"l","4286":"C","4287":"o","4288":"n","4289":"f","4290":"i","4291":"g","4292":" ","4293":"=","4294":" ","4295":"u","4296":"s","4297":"e","4298":"G","4299":"l","4300":"o","4301":"b","4302":"a","4303":"l","4304":"C","4305":"o","4306":"n","4307":"f","4308":"i","4309":"g","4310":"(","4311":")","4312":"\\","4313":"r","4314":"\\","4315":"n","4316":"c","4317":"o","4318":"n","4319":"s","4320":"t","4321":" ","4322":"b","4323":"u","4324":"t","4325":"t","4326":"o","4327":"n","4328":"S","4329":"i","4330":"z","4331":"e","4332":" ","4333":"=","4334":" ","4335":"c","4336":"o","4337":"m","4338":"p","4339":"u","4340":"t","4341":"e","4342":"d","4343":"(","4344":"(","4345":")","4346":"=","4347":">","4348":"{","4349":"\\","4350":"r","4351":"\\","4352":"n","4353":" ","4354":" ","4355":"c","4356":"o","4357":"n","4358":"s","4359":"o","4360":"l","4361":"e","4362":".","4363":"l","4364":"o","4365":"g","4366":"(","4367":"p","4368":"r","4369":"o","4370":"p","4371":"s","4372":".","4373":"s","4374":"i","4375":"z","4376":"e","4377":",","4378":"g","4379":"l","4380":"o","4381":"b","4382":"a","4383":"l","4384":"C","4385":"o","4386":"n","4387":"f","4388":"i","4389":"g","4390":")","4391":"\\","4392":"r","4393":"\\","4394":"n","4395":" ","4396":" ","4397":"r","4398":"e","4399":"t","4400":"u","4401":"r","4402":"n","4403":" ","4404":"p","4405":"r","4406":"o","4407":"p","4408":"s","4409":".","4410":"s","4411":"i","4412":"z","4413":"e","4414":"|","4415":"|","4416":"g","4417":"l","4418":"o","4419":"b","4420":"a","4421":"l","4422":"C","4423":"o","4424":"n","4425":"f","4426":"i","4427":"g","4428":".","4429":"s","4430":"i","4431":"z","4432":"e","4433":"\\","4434":"r","4435":"\\","4436":"n","4437":"}","4438":")","4439":"\\","4440":"r","4441":"\\","4442":"n","4443":"<","4444":"/","4445":"s","4446":"c","4447":"r","4448":"i","4449":"p","4450":"t","4451":">","4452":"\\","4453":"r","4454":"\\","4455":"n","4456":"\\","4457":"r","4458":"\\","4459":"n","4460":"<","4461":"s","4462":"t","4463":"y","4464":"l","4465":"e","4466":" ","4467":"l","4468":"a","4469":"n","4470":"g","4471":"=","4472":"\\","4473":"\"","4474":"s","4475":"c","4476":"s","4477":"s","4478":"\\","4479":"\"","4480":">","4481":"\\","4482":"r","4483":"\\","4484":"n","4485":"@","4486":"i","4487":"m","4488":"p","4489":"o","4490":"r","4491":"t","4492":" ","4493":"'","4494":".","4495":".","4496":"/","4497":"s","4498":"t","4499":"y","4500":"l","4501":"e","4502":"s","4503":"/","4504":"m","4505":"i","4506":"x","4507":"i","4508":"n","4509":"'","4510":";","4511":"\\","4512":"r","4513":"\\","4514":"n","4515":"@","4516":"i","4517":"n","4518":"c","4519":"l","4520":"u","4521":"d","4522":"e","4523":" ","4524":"b","4525":"(","4526":"b","4527":"u","4528":"t","4529":"t","4530":"o","4531":"n","4532":")","4533":"{","4534":"\\","4535":"r","4536":"\\","4537":"n","4538":" ","4539":" ","4540":"d","4541":"i","4542":"s","4543":"p","4544":"l","4545":"a","4546":"y","4547":":","4548":" ","4549":"i","4550":"n","4551":"l","4552":"i","4553":"n","4554":"e","4555":"-","4556":"b","4557":"l","4558":"o","4559":"c","4560":"k","4561":";","4562":"\\","4563":"r","4564":"\\","4565":"n","4566":" ","4567":" ","4568":"l","4569":"i","4570":"n","4571":"e","4572":"-","4573":"h","4574":"e","4575":"i","4576":"g","4577":"h","4578":"t","4579":":","4580":" ","4581":"1","4582":";","4583":"\\","4584":"r","4585":"\\","4586":"n","4587":" ","4588":" ","4589":"w","4590":"h","4591":"i","4592":"t","4593":"e","4594":"-","4595":"s","4596":"p","4597":"a","4598":"c","4599":"e","4600":":","4601":" ","4602":"n","4603":"o","4604":"w","4605":"r","4606":"a","4607":"p","4608":";","4609":"\\","4610":"r","4611":"\\","4612":"n","4613":" ","4614":" ","4615":"c","4616":"u","4617":"r","4618":"s","4619":"o","4620":"r","4621":":","4622":" ","4623":"p","4624":"o","4625":"i","4626":"n","4627":"t","4628":"e","4629":"r","4630":";","4631":"\\","4632":"r","4633":"\\","4634":"n","4635":" ","4636":" ","4637":"b","4638":"a","4639":"c","4640":"k","4641":"g","4642":"r","4643":"o","4644":"u","4645":"n","4646":"d","4647":":","4648":" ","4649":"$","4650":"-","4651":"-","4652":"b","4653":"u","4654":"t","4655":"t","4656":"o","4657":"n","4658":"-","4659":"d","4660":"e","4661":"f","4662":"a","4663":"u","4664":"l","4665":"t","4666":"-","4667":"b","4668":"a","4669":"c","4670":"k","4671":"g","4672":"r","4673":"o","4674":"u","4675":"n","4676":"d","4677":"-","4678":"c","4679":"o","4680":"l","4681":"o","4682":"r","4683":";","4684":"\\","4685":"r","4686":"\\","4687":"n","4688":" ","4689":" ","4690":"c","4691":"o","4692":"l","4693":"o","4694":"r","4695":":","4696":" ","4697":"$","4698":"-","4699":"-","4700":"b","4701":"u","4702":"t","4703":"t","4704":"o","4705":"n","4706":"-","4707":"d","4708":"e","4709":"f","4710":"a","4711":"u","4712":"l","4713":"t","4714":"-","4715":"f","4716":"o","4717":"n","4718":"t","4719":"-","4720":"c","4721":"o","4722":"l","4723":"o","4724":"r","4725":";","4726":"\\","4727":"r","4728":"\\","4729":"n","4730":" ","4731":" ","4732":"-","4733":"w","4734":"e","4735":"b","4736":"k","4737":"i","4738":"t","4739":"-","4740":"a","4741":"p","4742":"p","4743":"e","4744":"a","4745":"r","4746":"a","4747":"n","4748":"c","4749":"e","4750":":","4751":" ","4752":"n","4753":"o","4754":"n","4755":"e","4756":";","4757":"\\","4758":"r","4759":"\\","4760":"n","4761":" ","4762":" ","4763":"t","4764":"e","4765":"x","4766":"t","4767":"-","4768":"a","4769":"l","4770":"i","4771":"g","4772":"n","4773":":","4774":" ","4775":"c","4776":"e","4777":"n","4778":"t","4779":"e","4780":"r","4781":";","4782":"\\","4783":"r","4784":"\\","4785":"n","4786":" ","4787":" ","4788":"b","4789":"o","4790":"r","4791":"d","4792":"e","4793":"r","4794":":","4795":" ","4796":"$","4797":"-","4798":"-","4799":"b","4800":"o","4801":"r","4802":"d","4803":"e","4804":"r","4805":"-","4806":"b","4807":"a","4808":"s","4809":"e","4810":";","4811":"\\","4812":"r","4813":"\\","4814":"n","4815":" ","4816":" ","4817":"b","4818":"o","4819":"r","4820":"d","4821":"e","4822":"r","4823":"-","4824":"c","4825":"o","4826":"l","4827":"o","4828":"r","4829":":","4830":" ","4831":"$","4832":"-","4833":"-","4834":"b","4835":"u","4836":"t","4837":"t","4838":"o","4839":"n","4840":"-","4841":"d","4842":"e","4843":"f","4844":"a","4845":"u","4846":"l","4847":"t","4848":"-","4849":"b","4850":"o","4851":"r","4852":"d","4853":"e","4854":"r","4855":"-","4856":"c","4857":"o","4858":"l","4859":"o","4860":"r","4861":";","4862":"\\","4863":"r","4864":"\\","4865":"n","4866":" ","4867":" ","4868":"b","4869":"o","4870":"x","4871":"-","4872":"s","4873":"i","4874":"z","4875":"i","4876":"n","4877":"g","4878":":","4879":" ","4880":"b","4881":"o","4882":"r","4883":"d","4884":"e","4885":"r","4886":"-","4887":"b","4888":"o","4889":"x","4890":";","4891":"\\","4892":"r","4893":"\\","4894":"n","4895":" ","4896":" ","4897":"o","4898":"u","4899":"t","4900":"l","4901":"i","4902":"n","4903":"e","4904":":","4905":" ","4906":"n","4907":"o","4908":"n","4909":"e","4910":";","4911":"\\","4912":"r","4913":"\\","4914":"n","4915":" ","4916":" ","4917":"m","4918":"a","4919":"r","4920":"g","4921":"i","4922":"n","4923":":","4924":" ","4925":"0","4926":";","4927":"\\","4928":"r","4929":"\\","4930":"n","4931":" ","4932":" ","4933":"f","4934":"o","4935":"n","4936":"t","4937":"-","4938":"w","4939":"e","4940":"i","4941":"g","4942":"h","4943":"t","4944":":","4945":" ","4946":"$","4947":"-","4948":"-","4949":"b","4950":"u","4951":"t","4952":"t","4953":"o","4954":"n","4955":"-","4956":"f","4957":"o","4958":"n","4959":"t","4960":"-","4961":"w","4962":"e","4963":"i","4964":"g","4965":"h","4966":"t","4967":";","4968":"\\","4969":"r","4970":"\\","4971":"n","4972":" ","4973":" ","4974":"&","4975":" ","4976":"+","4977":" ","4978":"&","4979":" ","4980":"{","4981":"\\","4982":"r","4983":"\\","4984":"n","4985":" ","4986":" ","4987":" ","4988":" ","4989":"m","4990":"a","4991":"r","4992":"g","4993":"i","4994":"n","4995":"-","4996":"l","4997":"e","4998":"f","4999":"t","5000":":","5001":" ","5002":"1","5003":"0","5004":"p","5005":"x","5006":";","5007":"\\","5008":"r","5009":"\\","5010":"n","5011":" ","5012":" ","5013":"}","5014":"\\","5015":"r","5016":"\\","5017":"n","5018":" ","5019":" ","5020":"@","5021":"i","5022":"n","5023":"c","5024":"l","5025":"u","5026":"d","5027":"e","5028":" ","5029":"b","5030":"u","5031":"t","5032":"t","5033":"o","5034":"n","5035":"-","5036":"s","5037":"i","5038":"z","5039":"e","5040":"(","5041":"\\","5042":"r","5043":"\\","5044":"n","5045":" ","5046":" ","5047":" ","5048":" ","5049":"$","5050":"-","5051":"-","5052":"b","5053":"u","5054":"t","5055":"t","5056":"o","5057":"n","5058":"-","5059":"p","5060":"a","5061":"d","5062":"d","5063":"i","5064":"n","5065":"g","5066":"-","5067":"v","5068":"e","5069":"r","5070":"t","5071":"i","5072":"c","5073":"a","5074":"l","5075":",","5076":"\\","5077":"r","5078":"\\","5079":"n","5080":" ","5081":" ","5082":" ","5083":" ","5084":"$","5085":"-","5086":"-","5087":"b","5088":"u","5089":"t","5090":"t","5091":"o","5092":"n","5093":"-","5094":"p","5095":"a","5096":"d","5097":"d","5098":"i","5099":"n","5100":"g","5101":"-","5102":"h","5103":"o","5104":"r","5105":"i","5106":"z","5107":"o","5108":"n","5109":"t","5110":"a","5111":"l","5112":",","5113":"\\","5114":"r","5115":"\\","5116":"n","5117":" ","5118":" ","5119":" ","5120":" ","5121":"$","5122":"-","5123":"-","5124":"b","5125":"u","5126":"t","5127":"t","5128":"o","5129":"n","5130":"-","5131":"f","5132":"o","5133":"n","5134":"t","5135":"-","5136":"s","5137":"i","5138":"z","5139":"e","5140":",","5141":"\\","5142":"r","5143":"\\","5144":"n","5145":" ","5146":" ","5147":" ","5148":" ","5149":"$","5150":"-","5151":"-","5152":"b","5153":"u","5154":"t","5155":"t","5156":"o","5157":"n","5158":"-","5159":"b","5160":"o","5161":"r","5162":"d","5163":"e","5164":"r","5165":"-","5166":"r","5167":"a","5168":"d","5169":"i","5170":"u","5171":"s","5172":"\\","5173":"r","5174":"\\","5175":"n","5176":" ","5177":" ","5178":")","5179":";","5180":"\\","5181":"r","5182":"\\","5183":"n","5184":" ","5185":" ","5186":"&","5187":":","5188":"h","5189":"o","5190":"v","5191":"e","5192":"r","5193":",","5194":"\\","5195":"r","5196":"\\","5197":"n","5198":" ","5199":" ","5200":"&","5201":":","5202":"f","5203":"o","5204":"c","5205":"u","5206":"s","5207":" ","5208":"{","5209":"\\","5210":"r","5211":"\\","5212":"n","5213":" ","5214":" ","5215":" ","5216":" ","5217":"c","5218":"o","5219":"l","5220":"o","5221":"r","5222":":","5223":" ","5224":"$","5225":"-","5226":"-","5227":"c","5228":"o","5229":"l","5230":"o","5231":"r","5232":"-","5233":"p","5234":"r","5235":"i","5236":"m","5237":"a","5238":"r","5239":"y","5240":";","5241":"\\","5242":"r","5243":"\\","5244":"n","5245":" ","5246":" ","5247":" ","5248":" ","5249":"b","5250":"o","5251":"r","5252":"d","5253":"e","5254":"r","5255":"-","5256":"c","5257":"o","5258":"l","5259":"o","5260":"r","5261":":","5262":" ","5263":"m","5264":"i","5265":"x","5266":"(","5267":"$","5268":"-","5269":"-","5270":"c","5271":"o","5272":"l","5273":"o","5274":"r","5275":"-","5276":"w","5277":"h","5278":"i","5279":"t","5280":"e","5281":",","5282":"$","5283":"-","5284":"-","5285":"c","5286":"o","5287":"l","5288":"o","5289":"r","5290":"-","5291":"p","5292":"r","5293":"i","5294":"m","5295":"a","5296":"r","5297":"y","5298":",","5299":"7","5300":"0","5301":"%","5302":")","5303":";","5304":"\\","5305":"r","5306":"\\","5307":"n","5308":" ","5309":" ","5310":" ","5311":" ","5312":"b","5313":"a","5314":"c","5315":"k","5316":"g","5317":"r","5318":"o","5319":"u","5320":"n","5321":"d","5322":"-","5323":"c","5324":"o","5325":"l","5326":"o","5327":"r","5328":":","5329":" ","5330":"m","5331":"i","5332":"x","5333":"(","5334":"$","5335":"-","5336":"-","5337":"c","5338":"o","5339":"l","5340":"o","5341":"r","5342":"-","5343":"w","5344":"h","5345":"i","5346":"t","5347":"e","5348":",","5349":"$","5350":"-","5351":"-","5352":"c","5353":"o","5354":"l","5355":"o","5356":"r","5357":"-","5358":"p","5359":"r","5360":"i","5361":"m","5362":"a","5363":"r","5364":"y","5365":",","5366":"9","5367":"0","5368":"%","5369":")","5370":";","5371":"\\","5372":"r","5373":"\\","5374":"n","5375":" ","5376":" ","5377":"}","5378":"\\","5379":"r","5380":"\\","5381":"n","5382":" ","5383":" ","5384":"@","5385":"i","5386":"n","5387":"c","5388":"l","5389":"u","5390":"d","5391":"e","5392":" ","5393":"m","5394":"(","5395":"m","5396":"e","5397":"d","5398":"i","5399":"u","5400":"m","5401":")","5402":" ","5403":"{","5404":"\\","5405":"r","5406":"\\","5407":"n","5408":" ","5409":" ","5410":" ","5411":" ","5412":"@","5413":"i","5414":"n","5415":"c","5416":"l","5417":"u","5418":"d","5419":"e","5420":" ","5421":"b","5422":"u","5423":"t","5424":"t","5425":"o","5426":"n","5427":"-","5428":"s","5429":"i","5430":"z","5431":"e","5432":"(","5433":"\\","5434":"r","5435":"\\","5436":"n","5437":" ","5438":" ","5439":" ","5440":" ","5441":" ","5442":" ","5443":"$","5444":"-","5445":"-","5446":"b","5447":"u","5448":"t","5449":"t","5450":"o","5451":"n","5452":"-","5453":"m","5454":"e","5455":"d","5456":"i","5457":"u","5458":"m","5459":"-","5460":"p","5461":"a","5462":"d","5463":"d","5464":"i","5465":"n","5466":"g","5467":"-","5468":"v","5469":"e","5470":"r","5471":"t","5472":"i","5473":"c","5474":"a","5475":"l","5476":",","5477":"\\","5478":"r","5479":"\\","5480":"n","5481":" ","5482":" ","5483":" ","5484":" ","5485":" ","5486":" ","5487":"$","5488":"-","5489":"-","5490":"b","5491":"u","5492":"t","5493":"t","5494":"o","5495":"n","5496":"-","5497":"m","5498":"e","5499":"d","5500":"i","5501":"u","5502":"m","5503":"-","5504":"p","5505":"a","5506":"d","5507":"d","5508":"i","5509":"n","5510":"g","5511":"-","5512":"h","5513":"o","5514":"r","5515":"i","5516":"z","5517":"o","5518":"n","5519":"t","5520":"a","5521":"l","5522":",","5523":"\\","5524":"r","5525":"\\","5526":"n","5527":" ","5528":" ","5529":" ","5530":" ","5531":" ","5532":" ","5533":"$","5534":"-","5535":"-","5536":"b","5537":"u","5538":"t","5539":"t","5540":"o","5541":"n","5542":"-","5543":"m","5544":"e","5545":"d","5546":"i","5547":"u","5548":"m","5549":"-","5550":"f","5551":"o","5552":"n","5553":"t","5554":"-","5555":"s","5556":"i","5557":"z","5558":"e","5559":",","5560":"\\","5561":"r","5562":"\\","5563":"n","5564":" ","5565":" ","5566":" ","5567":" ","5568":" ","5569":" ","5570":"$","5571":"-","5572":"-","5573":"b","5574":"u","5575":"t","5576":"t","5577":"o","5578":"n","5579":"-","5580":"m","5581":"e","5582":"d","5583":"i","5584":"u","5585":"m","5586":"-","5587":"b","5588":"o","5589":"r","5590":"d","5591":"e","5592":"r","5593":"-","5594":"r","5595":"a","5596":"d","5597":"i","5598":"u","5599":"s","5600":"\\","5601":"r","5602":"\\","5603":"n","5604":" ","5605":" ","5606":" ","5607":" ","5608":")","5609":";","5610":"\\","5611":"r","5612":"\\","5613":"n","5614":" ","5615":" ","5616":"}","5617":"\\","5618":"r","5619":"\\","5620":"n","5621":" ","5622":" ","5623":"@","5624":"i","5625":"n","5626":"c","5627":"l","5628":"u","5629":"d","5630":"e","5631":" ","5632":"m","5633":"(","5634":"s","5635":"m","5636":"a","5637":"l","5638":"l","5639":")","5640":" ","5641":"{","5642":"\\","5643":"r","5644":"\\","5645":"n","5646":" ","5647":" ","5648":" ","5649":" ","5650":"@","5651":"i","5652":"n","5653":"c","5654":"l","5655":"u","5656":"d","5657":"e","5658":" ","5659":"b","5660":"u","5661":"t","5662":"t","5663":"o","5664":"n","5665":"-","5666":"s","5667":"i","5668":"z","5669":"e","5670":"(","5671":"\\","5672":"r","5673":"\\","5674":"n","5675":" ","5676":" ","5677":" ","5678":" ","5679":" ","5680":" ","5681":"$","5682":"-","5683":"-","5684":"b","5685":"u","5686":"t","5687":"t","5688":"o","5689":"n","5690":"-","5691":"s","5692":"m","5693":"a","5694":"l","5695":"l","5696":"-","5697":"p","5698":"a","5699":"d","5700":"d","5701":"i","5702":"n","5703":"g","5704":"-","5705":"v","5706":"e","5707":"r","5708":"t","5709":"i","5710":"c","5711":"a","5712":"l","5713":",","5714":"\\","5715":"r","5716":"\\","5717":"n","5718":" ","5719":" ","5720":" ","5721":" ","5722":" ","5723":" ","5724":"$","5725":"-","5726":"-","5727":"b","5728":"u","5729":"t","5730":"t","5731":"o","5732":"n","5733":"-","5734":"s","5735":"m","5736":"a","5737":"l","5738":"l","5739":"-","5740":"p","5741":"a","5742":"d","5743":"d","5744":"i","5745":"n","5746":"g","5747":"-","5748":"h","5749":"o","5750":"r","5751":"i","5752":"z","5753":"o","5754":"n","5755":"t","5756":"a","5757":"l","5758":",","5759":"\\","5760":"r","5761":"\\","5762":"n","5763":" ","5764":" ","5765":" ","5766":" ","5767":" ","5768":" ","5769":"$","5770":"-","5771":"-","5772":"b","5773":"u","5774":"t","5775":"t","5776":"o","5777":"n","5778":"-","5779":"s","5780":"m","5781":"a","5782":"l","5783":"l","5784":"-","5785":"f","5786":"o","5787":"n","5788":"t","5789":"-","5790":"s","5791":"i","5792":"z","5793":"e","5794":",","5795":"\\","5796":"r","5797":"\\","5798":"n","5799":" ","5800":" ","5801":" ","5802":" ","5803":" ","5804":" ","5805":"$","5806":"-","5807":"-","5808":"b","5809":"u","5810":"t","5811":"t","5812":"o","5813":"n","5814":"-","5815":"s","5816":"m","5817":"a","5818":"l","5819":"l","5820":"-","5821":"b","5822":"o","5823":"r","5824":"d","5825":"e","5826":"r","5827":"-","5828":"r","5829":"a","5830":"d","5831":"i","5832":"u","5833":"s","5834":"\\","5835":"r","5836":"\\","5837":"n","5838":" ","5839":" ","5840":" ","5841":" ","5842":")","5843":";","5844":"\\","5845":"r","5846":"\\","5847":"n","5848":" ","5849":" ","5850":"}","5851":"\\","5852":"r","5853":"\\","5854":"n","5855":" ","5856":" ","5857":"@","5858":"i","5859":"n","5860":"c","5861":"l","5862":"u","5863":"d","5864":"e","5865":" ","5866":"m","5867":"(","5868":"l","5869":"a","5870":"r","5871":"g","5872":"e","5873":")","5874":" ","5875":"{","5876":"\\","5877":"r","5878":"\\","5879":"n","5880":" ","5881":" ","5882":" ","5883":" ","5884":"@","5885":"i","5886":"n","5887":"c","5888":"l","5889":"u","5890":"d","5891":"e","5892":" ","5893":"b","5894":"u","5895":"t","5896":"t","5897":"o","5898":"n","5899":"-","5900":"s","5901":"i","5902":"z","5903":"e","5904":"(","5905":"\\","5906":"r","5907":"\\","5908":"n","5909":" ","5910":" ","5911":" ","5912":" ","5913":" ","5914":" ","5915":"$","5916":"-","5917":"-","5918":"b","5919":"u","5920":"t","5921":"t","5922":"o","5923":"n","5924":"-","5925":"l","5926":"a","5927":"r","5928":"g","5929":"e","5930":"-","5931":"p","5932":"a","5933":"d","5934":"d","5935":"i","5936":"n","5937":"g","5938":"-","5939":"v","5940":"e","5941":"r","5942":"t","5943":"i","5944":"c","5945":"a","5946":"l","5947":",","5948":"\\","5949":"r","5950":"\\","5951":"n","5952":" ","5953":" ","5954":" ","5955":" ","5956":" ","5957":" ","5958":"$","5959":"-","5960":"-","5961":"b","5962":"u","5963":"t","5964":"t","5965":"o","5966":"n","5967":"-","5968":"l","5969":"a","5970":"r","5971":"g","5972":"e","5973":"-","5974":"p","5975":"a","5976":"d","5977":"d","5978":"i","5979":"n","5980":"g","5981":"-","5982":"h","5983":"o","5984":"r","5985":"i","5986":"z","5987":"o","5988":"n","5989":"t","5990":"a","5991":"l","5992":",","5993":"\\","5994":"r","5995":"\\","5996":"n","5997":" ","5998":" ","5999":" ","6000":" ","6001":" ","6002":" ","6003":"$","6004":"-","6005":"-","6006":"b","6007":"u","6008":"t","6009":"t","6010":"o","6011":"n","6012":"-","6013":"l","6014":"a","6015":"r","6016":"g","6017":"e","6018":"-","6019":"f","6020":"o","6021":"n","6022":"t","6023":"-","6024":"s","6025":"i","6026":"z","6027":"e","6028":",","6029":"\\","6030":"r","6031":"\\","6032":"n","6033":" ","6034":" ","6035":" ","6036":" ","6037":" ","6038":" ","6039":"$","6040":"-","6041":"-","6042":"b","6043":"u","6044":"t","6045":"t","6046":"o","6047":"n","6048":"-","6049":"l","6050":"a","6051":"r","6052":"g","6053":"e","6054":"-","6055":"b","6056":"o","6057":"r","6058":"d","6059":"e","6060":"r","6061":"-","6062":"r","6063":"a","6064":"d","6065":"i","6066":"u","6067":"s","6068":"\\","6069":"r","6070":"\\","6071":"n","6072":" ","6073":" ","6074":" ","6075":" ","6076":")","6077":";","6078":"\\","6079":"r","6080":"\\","6081":"n","6082":" ","6083":" ","6084":"}","6085":"\\","6086":"r","6087":"\\","6088":"n","6089":"@","6090":"i","6091":"n","6092":"c","6093":"l","6094":"u","6095":"d","6096":"e","6097":" ","6098":"m","6099":"(","6100":"p","6101":"r","6102":"i","6103":"m","6104":"a","6105":"r","6106":"y","6107":")","6108":" ","6109":"{","6110":"\\","6111":"r","6112":"\\","6113":"n","6114":" ","6115":" ","6116":" ","6117":" ","6118":"@","6119":"i","6120":"n","6121":"c","6122":"l","6123":"u","6124":"d","6125":"e","6126":" ","6127":"b","6128":"u","6129":"t","6130":"t","6131":"o","6132":"n","6133":"-","6134":"v","6135":"a","6136":"r","6137":"i","6138":"a","6139":"n","6140":"t","6141":"(","6142":"\\","6143":"r","6144":"\\","6145":"n","6146":" ","6147":" ","6148":" ","6149":" ","6150":" ","6151":" ","6152":"$","6153":"-","6154":"-","6155":"b","6156":"u","6157":"t","6158":"t","6159":"o","6160":"n","6161":"-","6162":"p","6163":"r","6164":"i","6165":"m","6166":"a","6167":"r","6168":"y","6169":"-","6170":"f","6171":"o","6172":"n","6173":"t","6174":"-","6175":"c","6176":"o","6177":"l","6178":"o","6179":"r","6180":",","6181":"\\","6182":"r","6183":"\\","6184":"n","6185":" ","6186":" ","6187":" ","6188":" ","6189":" ","6190":" ","6191":"$","6192":"-","6193":"-","6194":"b","6195":"u","6196":"t","6197":"t","6198":"o","6199":"n","6200":"-","6201":"p","6202":"r","6203":"i","6204":"m","6205":"a","6206":"r","6207":"y","6208":"-","6209":"b","6210":"a","6211":"c","6212":"k","6213":"g","6214":"r","6215":"o","6216":"u","6217":"n","6218":"d","6219":"-","6220":"c","6221":"o","6222":"l","6223":"o","6224":"r","6225":",","6226":"\\","6227":"r","6228":"\\","6229":"n","6230":" ","6231":" ","6232":" ","6233":" ","6234":" ","6235":" ","6236":"$","6237":"-","6238":"-","6239":"b","6240":"u","6241":"t","6242":"t","6243":"o","6244":"n","6245":"-","6246":"p","6247":"r","6248":"i","6249":"m","6250":"a","6251":"r","6252":"y","6253":"-","6254":"b","6255":"o","6256":"r","6257":"d","6258":"e","6259":"r","6260":"-","6261":"c","6262":"o","6263":"l","6264":"o","6265":"r","6266":"\\","6267":"r","6268":"\\","6269":"n","6270":" ","6271":" ","6272":" ","6273":" ","6274":")","6275":";","6276":"\\","6277":"r","6278":"\\","6279":"n","6280":" ","6281":" ","6282":"}","6283":"\\","6284":"r","6285":"\\","6286":"n","6287":" ","6288":" ","6289":"@","6290":"i","6291":"n","6292":"c","6293":"l","6294":"u","6295":"d","6296":"e","6297":" ","6298":"m","6299":"(","6300":"s","6301":"u","6302":"c","6303":"c","6304":"e","6305":"s","6306":"s","6307":")","6308":" ","6309":"{","6310":"\\","6311":"r","6312":"\\","6313":"n","6314":" ","6315":" ","6316":" ","6317":" ","6318":"@","6319":"i","6320":"n","6321":"c","6322":"l","6323":"u","6324":"d","6325":"e","6326":" ","6327":"b","6328":"u","6329":"t","6330":"t","6331":"o","6332":"n","6333":"-","6334":"v","6335":"a","6336":"r","6337":"i","6338":"a","6339":"n","6340":"t","6341":"(","6342":"\\","6343":"r","6344":"\\","6345":"n","6346":" ","6347":" ","6348":" ","6349":" ","6350":" ","6351":" ","6352":"$","6353":"-","6354":"-","6355":"b","6356":"u","6357":"t","6358":"t","6359":"o","6360":"n","6361":"-","6362":"s","6363":"u","6364":"c","6365":"c","6366":"e","6367":"s","6368":"s","6369":"-","6370":"f","6371":"o","6372":"n","6373":"t","6374":"-","6375":"c","6376":"o","6377":"l","6378":"o","6379":"r","6380":",","6381":"\\","6382":"r","6383":"\\","6384":"n","6385":" ","6386":" ","6387":" ","6388":" ","6389":" ","6390":" ","6391":"$","6392":"-","6393":"-","6394":"b","6395":"u","6396":"t","6397":"t","6398":"o","6399":"n","6400":"-","6401":"s","6402":"u","6403":"c","6404":"c","6405":"e","6406":"s","6407":"s","6408":"-","6409":"b","6410":"a","6411":"c","6412":"k","6413":"g","6414":"r","6415":"o","6416":"u","6417":"n","6418":"d","6419":"-","6420":"c","6421":"o","6422":"l","6423":"o","6424":"r","6425":",","6426":"\\","6427":"r","6428":"\\","6429":"n","6430":" ","6431":" ","6432":" ","6433":" ","6434":" ","6435":" ","6436":"$","6437":"-","6438":"-","6439":"b","6440":"u","6441":"t","6442":"t","6443":"o","6444":"n","6445":"-","6446":"s","6447":"u","6448":"c","6449":"c","6450":"e","6451":"s","6452":"s","6453":"-","6454":"b","6455":"o","6456":"r","6457":"d","6458":"e","6459":"r","6460":"-","6461":"c","6462":"o","6463":"l","6464":"o","6465":"r","6466":"\\","6467":"r","6468":"\\","6469":"n","6470":" ","6471":" ","6472":" ","6473":" ","6474":")","6475":";","6476":"\\","6477":"r","6478":"\\","6479":"n","6480":" ","6481":" ","6482":"}","6483":"\\","6484":"r","6485":"\\","6486":"n","6487":" ","6488":" ","6489":"@","6490":"i","6491":"n","6492":"c","6493":"l","6494":"u","6495":"d","6496":"e","6497":" ","6498":"m","6499":"(","6500":"d","6501":"a","6502":"n","6503":"g","6504":"e","6505":"r","6506":")","6507":" ","6508":"{","6509":"\\","6510":"r","6511":"\\","6512":"n","6513":" ","6514":" ","6515":" ","6516":" ","6517":"@","6518":"i","6519":"n","6520":"c","6521":"l","6522":"u","6523":"d","6524":"e","6525":" ","6526":"b","6527":"u","6528":"t","6529":"t","6530":"o","6531":"n","6532":"-","6533":"v","6534":"a","6535":"r","6536":"i","6537":"a","6538":"n","6539":"t","6540":"(","6541":"\\","6542":"r","6543":"\\","6544":"n","6545":" ","6546":" ","6547":" ","6548":" ","6549":" ","6550":" ","6551":"$","6552":"-","6553":"-","6554":"b","6555":"u","6556":"t","6557":"t","6558":"o","6559":"n","6560":"-","6561":"d","6562":"a","6563":"n","6564":"g","6565":"e","6566":"r","6567":"-","6568":"f","6569":"o","6570":"n","6571":"t","6572":"-","6573":"c","6574":"o","6575":"l","6576":"o","6577":"r","6578":",","6579":"\\","6580":"r","6581":"\\","6582":"n","6583":" ","6584":" ","6585":" ","6586":" ","6587":" ","6588":" ","6589":"$","6590":"-","6591":"-","6592":"b","6593":"u","6594":"t","6595":"t","6596":"o","6597":"n","6598":"-","6599":"d","6600":"a","6601":"n","6602":"g","6603":"e","6604":"r","6605":"-","6606":"b","6607":"a","6608":"c","6609":"k","6610":"g","6611":"r","6612":"o","6613":"u","6614":"n","6615":"d","6616":"-","6617":"c","6618":"o","6619":"l","6620":"o","6621":"r","6622":",","6623":"\\","6624":"r","6625":"\\","6626":"n","6627":" ","6628":" ","6629":" ","6630":" ","6631":" ","6632":" ","6633":"$","6634":"-","6635":"-","6636":"b","6637":"u","6638":"t","6639":"t","6640":"o","6641":"n","6642":"-","6643":"d","6644":"a","6645":"n","6646":"g","6647":"e","6648":"r","6649":"-","6650":"b","6651":"o","6652":"r","6653":"d","6654":"e","6655":"r","6656":"-","6657":"c","6658":"o","6659":"l","6660":"o","6661":"r","6662":"\\","6663":"r","6664":"\\","6665":"n","6666":" ","6667":" ","6668":" ","6669":" ","6670":")","6671":";","6672":"\\","6673":"r","6674":"\\","6675":"n","6676":" ","6677":" ","6678":"}","6679":"\\","6680":"r","6681":"\\","6682":"n","6683":"}","6684":"\\","6685":"r","6686":"\\","6687":"n","6688":"<","6689":"/","6690":"s","6691":"t","6692":"y","6693":"l","6694":"e","6695":">","6696":"\"","6697":"]","6698":"}"},"_coverageSchema":"1a1c01bbd47fc00a2c39e90264f33305004495a9","hash":"69a2f56d528cededfe68cbb63f3b2ea12746649e"}
}
